**************************************************
Welcome to SNiPER v2.1.0
Running @ rome0223 on Sat Apr 15 06:10:31 2023
**************************************************
{
  "sniper": {
    "LoadDlls": [ "libBufferMemMgr.so", "libRootIOSvc.so", "libGeometry.so", "libLightMapSvc.so", "libFilterAlg.so", "libDnnEventTagger.so", "libSensitivityRecon.so", "libChargeRecon.so", "libRandomSvc.so" ],
    "LogLevel": 3
  },
  "identifier": "Task/task",
  "properties": {
    "EvtMax": 25000,
    "LogLevel": 3
  },
  "services": [
    {
      "identifier": "BufferMemMgr/BufferMemMgr",
      "properties": {
        "TimeWindow": [ 0, 0 ]
      }
    },
    {
      "identifier": "RootInputSvc/InputSvc",
      "properties": {
        "InputFile": [ "/scratch/t/tbhatta/s10/g4/s10_Bi212_all_seed25.nEXOevents.root" ]
      }
    },
    {
      "identifier": "RootOutputSvc/OutputSvc",
      "properties": {
        "OutputStreams": { "/Event/Recon/ChargeQuanta": "/scratch/t/tbhatta/s10/recon/s10_Bi212_all_seed25.reconTree.root", "/Event/Recon/DNNTag": "/scratch/t/tbhatta/s10/recon/s10_Bi212_all_seed25.reconTree.root", "/Event/Recon/Energy": "/scratch/t/tbhatta/s10/recon/s10_Bi212_all_seed25.reconTree.root", "/Event/Recon/NESTBugFlag": "/scratch/t/tbhatta/s10/recon/s10_Bi212_all_seed25.reconTree.root", "/Event/Recon/NearAnodeBugFlag": "/scratch/t/tbhatta/s10/recon/s10_Bi212_all_seed25.reconTree.root", "/Event/Recon/Photons": "/scratch/t/tbhatta/s10/recon/s10_Bi212_all_seed25.reconTree.root", "/Event/Recon/SourceID": "/scratch/t/tbhatta/s10/recon/s10_Bi212_all_seed25.reconTree.root", "/Event/Recon/Standoff": "/scratch/t/tbhatta/s10/recon/s10_Bi212_all_seed25.reconTree.root" }
      }
    },
    {
      "identifier": "SimGeomSvc/SimGeomSvc",
      "properties": {
        "GeometryInputFile": ""
      }
    },
    {
      "identifier": "LightMapSvc/LightMapSvc",
      "properties": {
        "LightMapFile": "/sdf/home/t/tbhatta/nexo-offline/data/20200528_lightmap_0.50_0.50.root",
        "LightMapHistName": "lightmap"
      }
    },
    {
      "identifier": "RandomSvc/RandomSvc",
      "properties": {
        "Seed": 25,
        "SeedStatusInputFile": "",
        "SeedStatusInputVector": []
      }
    }
  ],
  "algorithms": [
    {
      "identifier": "NESTFieldCapper/NESTFieldCapper",
      "properties": {
        "fieldcap": -1
      }
    },
    {
      "identifier": "ChargeQuantaAlg/ChargeQuantaAlg",
      "properties": {
        "ElectronLifeT": 10000,
        "noise": 1132.1
      }
    },
    {
      "identifier": "PhotonsAlg/PhotonsAlg",
      "properties": {
        "correlated_av_prob": 0.2,
        "pde_prob": 0.186,
        "pte_error": 0.005
      }
    },
    {
      "identifier": "EnergyAlg/EnergyAlg",
      "properties": {
        "chargeCal": 76.6137
      }
    },
    {
      "identifier": "StandoffAlg/StandoffAlg",
      "properties": {
        "ElectronLifeT": 10000,
        "XYthreshold": 10000,
        "Zthreshold": 100
      }
    },
    {
      "identifier": "SourceIDAlg/SourceIDAlg"
    },
    {
      "identifier": "NESTBugCatcher/NESTBugCatcher",
      "properties": {
        "threshold": 1.05
      }
    },
    {
      "identifier": "NearAnodeBugCatcher/NearAnodeBugCatcher",
      "properties": {
        "ThresholdEnergy": 100,
        "ZLength": 10
      }
    },
    {
      "identifier": "ChargeReconAlg/ChargeReconAlg",
      "properties": {
        "Noise": 400,
        "PadSize": 6,
        "SamplingFrequency": 2,
        "TileSize": 96,
        "Type": "unknown"
      }
    },
    {
      "identifier": "DnnEventTagger/DnnEventTagger",
      "properties": {
        "ImagePath": "./images",
        "NetworkPath": "/sdf/home/t/tbhatta/nexo-offline/data/ckpt_0816_BugFix_uniform_E_pos.t7",
        "Pitch": 6,
        "SaveAsImage": false,
        "SaveAsNumpy": false
      }
    }
  ]
}
task:InputSvc.initialize        INFO: Initialize RootInputSvc...
task:InputSvc.initialize        INFO: RootInputSvc successfully initialized.
task:SimGeomSvc.initialize      INFO: Initialize SimGeomSvc 
0x55581148a0d0
LT: path/name: /Event/Sim/nEXOGeometry
LT: fileid: 0
LT: CheckFileStatus(fileid): 0
LT: filename: /scratch/t/tbhatta/s10/g4/s10_Bi212_all_seed25.nEXOevents.root
LT: file: 0x55580e43ba20
LT: read obj: 0x555812026020
task:SimGeomSvc.load_from_root  INFO: load geometry from inputsvc: 0x555812026020
task:ChargeQuantaAlg.initialize  INFO: get geometry geom: 0x555812026020
virtual bool DnnEventTagger::initialize()
task.initialize                 INFO: initialized
task:EnergyAlg.execute          INFO: Photons= 23760.8
task:EnergyAlg.execute          INFO: Charge= 21659
task:EnergyAlg.execute          INFO: ENERGY= 512.436
task:EnergyAlg.execute          INFO: Photons= 41480.1
task:EnergyAlg.execute          INFO: Charge= 48683
task:EnergyAlg.execute          INFO: ENERGY= 1036.49
task:EnergyAlg.execute          INFO: Photons= 31444.3
task:EnergyAlg.execute          INFO: Charge= 19012
task:EnergyAlg.execute          INFO: ENERGY= 552.174
task:EnergyAlg.execute          INFO: Photons= 62723.6
task:EnergyAlg.execute          INFO: Charge= 78648
task:EnergyAlg.execute          INFO: ENERGY= 1633
task:EnergyAlg.execute          INFO: Photons= 64208.2
task:EnergyAlg.execute          INFO: Charge= 67171
task:EnergyAlg.execute          INFO: ENERGY= 1497.55
task:EnergyAlg.execute          INFO: Photons= 27778
task:EnergyAlg.execute          INFO: Charge= 31929
task:EnergyAlg.execute          INFO: ENERGY= 685.325
task:EnergyAlg.execute          INFO: Photons= 28255.8
task:EnergyAlg.execute          INFO: Charge= 35375
task:EnergyAlg.execute          INFO: ENERGY= 734.923
task:EnergyAlg.execute          INFO: Photons= 43129.2
task:EnergyAlg.execute          INFO: Charge= 47860
task:EnergyAlg.execute          INFO: ENERGY= 1041.69
task:EnergyAlg.execute          INFO: Photons= 30123.9
task:EnergyAlg.execute          INFO: Charge= 36469
task:EnergyAlg.execute          INFO: ENERGY= 767.264
task:EnergyAlg.execute          INFO: Photons= 30203.9
task:EnergyAlg.execute          INFO: Charge= 32078
task:EnergyAlg.execute          INFO: ENERGY= 710.725
task:EnergyAlg.execute          INFO: Photons= 25265.9
task:EnergyAlg.execute          INFO: Charge= 25182
task:EnergyAlg.execute          INFO: ENERGY= 572.971
task:EnergyAlg.execute          INFO: Photons= 29717.1
task:EnergyAlg.execute          INFO: Charge= 26152
task:EnergyAlg.execute          INFO: ENERGY= 628.669
task:EnergyAlg.execute          INFO: Photons= 46559.1
task:EnergyAlg.execute          INFO: Charge= 49975
task:EnergyAlg.execute          INFO: ENERGY= 1102.46
task:EnergyAlg.execute          INFO: Photons= 58860.6
task:EnergyAlg.execute          INFO: Charge= 68341
task:EnergyAlg.execute          INFO: ENERGY= 1461.11
task:EnergyAlg.execute          INFO: Photons= 31147.1
task:EnergyAlg.execute          INFO: Charge= 32890
task:EnergyAlg.execute          INFO: ENERGY= 730.443
task:EnergyAlg.execute          INFO: Photons= 23250.3
task:EnergyAlg.execute          INFO: Charge= 24254
task:EnergyAlg.execute          INFO: ENERGY= 541.371
task:EnergyAlg.execute          INFO: Photons= 23308
task:EnergyAlg.execute          INFO: Charge= 22603
task:EnergyAlg.execute          INFO: ENERGY= 520.379
task:EnergyAlg.execute          INFO: Photons= 29887.1
task:EnergyAlg.execute          INFO: Charge= 33905
task:EnergyAlg.execute          INFO: ENERGY= 731.509
task:EnergyAlg.execute          INFO: Photons= 75159.4
task:EnergyAlg.execute          INFO: Charge= 70270
task:EnergyAlg.execute          INFO: ENERGY= 1643.88
task:EnergyAlg.execute          INFO: Photons= 54540.2
task:EnergyAlg.execute          INFO: Charge= 38902
task:EnergyAlg.execute          INFO: ENERGY= 1035.09
task:EnergyAlg.execute          INFO: Photons= 25386.8
task:EnergyAlg.execute          INFO: Charge= 37752
task:EnergyAlg.execute          INFO: ENERGY= 738.211
task:EnergyAlg.execute          INFO: Photons= 25812.9
task:EnergyAlg.execute          INFO: Charge= 26718
task:EnergyAlg.execute          INFO: ENERGY= 598.309
task:EnergyAlg.execute          INFO: Photons= 18333.8
task:EnergyAlg.execute          INFO: Charge= 4582
task:EnergyAlg.execute          INFO: ENERGY= 237.067
task:EnergyAlg.execute          INFO: Photons= 24944.6
task:EnergyAlg.execute          INFO: Charge= 22302
task:EnergyAlg.execute          INFO: ENERGY= 532.274
task:EnergyAlg.execute          INFO: Photons= 12898.3
task:EnergyAlg.execute          INFO: Charge= 12163
task:EnergyAlg.execute          INFO: ENERGY= 283.465
task:EnergyAlg.execute          INFO: Photons= 43413.3
task:EnergyAlg.execute          INFO: Charge= 50136
task:EnergyAlg.execute          INFO: ENERGY= 1074.14
task:EnergyAlg.execute          INFO: Photons= 27379.7
task:EnergyAlg.execute          INFO: Charge= 23859
task:EnergyAlg.execute          INFO: ENERGY= 576.14
task:EnergyAlg.execute          INFO: Photons= 23498.1
task:EnergyAlg.execute          INFO: Charge= 10314
task:EnergyAlg.execute          INFO: ENERGY= 361.815
task:EnergyAlg.execute          INFO: Photons= 20111
task:EnergyAlg.execute          INFO: Charge= 30356
task:EnergyAlg.execute          INFO: ENERGY= 590.665
task:EnergyAlg.execute          INFO: Photons= 36414.2
task:EnergyAlg.execute          INFO: Charge= 40772
task:EnergyAlg.execute          INFO: ENERGY= 884.247
task:EnergyAlg.execute          INFO: Photons= 20046.5
task:EnergyAlg.execute          INFO: Charge= 25146
task:EnergyAlg.execute          INFO: ENERGY= 522.038
task:EnergyAlg.execute          INFO: Photons= 46226.6
task:EnergyAlg.execute          INFO: Charge= 53210
task:EnergyAlg.execute          INFO: ENERGY= 1141.47
task:EnergyAlg.execute          INFO: Photons= 13811.3
task:EnergyAlg.execute          INFO: Charge= 19147
task:EnergyAlg.execute          INFO: ENERGY= 383.451
task:EnergyAlg.execute          INFO: Photons= 21101.8
task:EnergyAlg.execute          INFO: Charge= 24532
task:EnergyAlg.execute          INFO: ENERGY= 524.226
task:EnergyAlg.execute          INFO: Photons= 39303.4
task:EnergyAlg.execute          INFO: Charge= 39635
task:EnergyAlg.execute          INFO: ENERGY= 897.341
task:EnergyAlg.execute          INFO: Photons= 61790.6
task:EnergyAlg.execute          INFO: Charge= 76753
task:EnergyAlg.execute          INFO: ENERGY= 1599.24
task:EnergyAlg.execute          INFO: Photons= 43683.1
task:EnergyAlg.execute          INFO: Charge= 50849
task:EnergyAlg.execute          INFO: ENERGY= 1086.06
task:EnergyAlg.execute          INFO: Photons= 30572.1
task:EnergyAlg.execute          INFO: Charge= 34225
task:EnergyAlg.execute          INFO: ENERGY= 742.309
task:EnergyAlg.execute          INFO: Photons= 26995.2
task:EnergyAlg.execute          INFO: Charge= 17123
task:EnergyAlg.execute          INFO: ENERGY= 484.501
task:EnergyAlg.execute          INFO: Photons= 56526.3
task:EnergyAlg.execute          INFO: Charge= 63746
task:EnergyAlg.execute          INFO: ENERGY= 1378.57
task:EnergyAlg.execute          INFO: Photons= 25623.2
task:EnergyAlg.execute          INFO: Charge= 31697
task:EnergyAlg.execute          INFO: ENERGY= 661.463
task:EnergyAlg.execute          INFO: Photons= 32935.2
task:EnergyAlg.execute          INFO: Charge= 26868
task:EnergyAlg.execute          INFO: ENERGY= 669.129
task:EnergyAlg.execute          INFO: Photons= 19796.7
task:EnergyAlg.execute          INFO: Charge= 16018
task:EnergyAlg.execute          INFO: ENERGY= 400.479
task:EnergyAlg.execute          INFO: Photons= 22310.9
task:EnergyAlg.execute          INFO: Charge= 23920
task:EnergyAlg.execute          INFO: ENERGY= 527.928
task:EnergyAlg.execute          INFO: Photons= 47427.5
task:EnergyAlg.execute          INFO: Charge= 45749
task:EnergyAlg.execute          INFO: ENERGY= 1055.69
task:EnergyAlg.execute          INFO: Photons= 41870.7
task:EnergyAlg.execute          INFO: Charge= 35119
task:EnergyAlg.execute          INFO: ENERGY= 863.218
task:EnergyAlg.execute          INFO: Photons= 34883.2
task:EnergyAlg.execute          INFO: Charge= 43020
task:EnergyAlg.execute          INFO: ENERGY= 898.787
task:EnergyAlg.execute          INFO: Photons= 36766.8
task:EnergyAlg.execute          INFO: Charge= 42567
task:EnergyAlg.execute          INFO: ENERGY= 911.086
task:EnergyAlg.execute          INFO: Photons= 29005.5
task:EnergyAlg.execute          INFO: Charge= 31063
task:EnergyAlg.execute          INFO: ENERGY= 685.89
task:EnergyAlg.execute          INFO: Photons= 31012
task:EnergyAlg.execute          INFO: Charge= 31773
task:EnergyAlg.execute          INFO: ENERGY= 714.557
task:EnergyAlg.execute          INFO: Photons= 33676.9
task:EnergyAlg.execute          INFO: Charge= 30236
task:EnergyAlg.execute          INFO: ENERGY= 720.261
task:EnergyAlg.execute          INFO: Photons= 28561
task:EnergyAlg.execute          INFO: Charge= 31681
task:EnergyAlg.execute          INFO: ENERGY= 689.659
task:EnergyAlg.execute          INFO: Photons= 16040.6
task:EnergyAlg.execute          INFO: Charge= 7585
task:EnergyAlg.execute          INFO: ENERGY= 254.092
task:EnergyAlg.execute          INFO: Photons= 29652.2
task:EnergyAlg.execute          INFO: Charge= 34674
task:EnergyAlg.execute          INFO: ENERGY= 739.275
task:EnergyAlg.execute          INFO: Photons= 24045
task:EnergyAlg.execute          INFO: Charge= 24607
task:EnergyAlg.execute          INFO: ENERGY= 553.662
task:EnergyAlg.execute          INFO: Photons= 27582.9
task:EnergyAlg.execute          INFO: Charge= 25519
task:EnergyAlg.execute          INFO: ENERGY= 599.772
task:EnergyAlg.execute          INFO: Photons= 51893.4
task:EnergyAlg.execute          INFO: Charge= 28754
task:EnergyAlg.execute          INFO: ENERGY= 877.043
task:EnergyAlg.execute          INFO: Photons= 37405.6
task:EnergyAlg.execute          INFO: Charge= 38874
task:EnergyAlg.execute          INFO: ENERGY= 869.059
task:EnergyAlg.execute          INFO: Photons= 15287.6
task:EnergyAlg.execute          INFO: Charge= 8322
task:EnergyAlg.execute          INFO: ENERGY= 256.431
task:EnergyAlg.execute          INFO: Photons= 55799.1
task:EnergyAlg.execute          INFO: Charge= 51514
task:EnergyAlg.execute          INFO: ENERGY= 1211.88
task:EnergyAlg.execute          INFO: Photons= 14045.6
task:EnergyAlg.execute          INFO: Charge= 8851
task:EnergyAlg.execute          INFO: ENERGY= 251.328
task:EnergyAlg.execute          INFO: Photons= 33263.9
task:EnergyAlg.execute          INFO: Charge= 36388
task:EnergyAlg.execute          INFO: ENERGY= 796.567
task:EnergyAlg.execute          INFO: Photons= 24522.3
task:EnergyAlg.execute          INFO: Charge= 12950
task:EnergyAlg.execute          INFO: ENERGY= 406.124
task:EnergyAlg.execute          INFO: Photons= 55833.8
task:EnergyAlg.execute          INFO: Charge= 50925
task:EnergyAlg.execute          INFO: ENERGY= 1204.53
task:EnergyAlg.execute          INFO: Photons= 26024.3
task:EnergyAlg.execute          INFO: Charge= 20984
task:EnergyAlg.execute          INFO: ENERGY= 525.509
task:EnergyAlg.execute          INFO: Photons= 16314.4
task:EnergyAlg.execute          INFO: Charge= 14226
task:EnergyAlg.execute          INFO: ENERGY= 343.421
task:EnergyAlg.execute          INFO: Photons= 21560.3
task:EnergyAlg.execute          INFO: Charge= 11941
task:EnergyAlg.execute          INFO: ENERGY= 364.316
task:EnergyAlg.execute          INFO: Photons= 52629.5
task:EnergyAlg.execute          INFO: Charge= 72086
task:EnergyAlg.execute          INFO: ENERGY= 1449.75
task:EnergyAlg.execute          INFO: Photons= 66243.7
task:EnergyAlg.execute          INFO: Charge= 75617
task:EnergyAlg.execute          INFO: ENERGY= 1627.47
task:EnergyAlg.execute          INFO: Photons= 25160.4
task:EnergyAlg.execute          INFO: Charge= 13928
task:EnergyAlg.execute          INFO: ENERGY= 425.059
task:EnergyAlg.execute          INFO: Photons= 74917.2
task:EnergyAlg.execute          INFO: Charge= 71701
task:EnergyAlg.execute          INFO: ENERGY= 1660.21
task:EnergyAlg.execute          INFO: Photons= 14695.6
task:EnergyAlg.execute          INFO: Charge= 14741
task:EnergyAlg.execute          INFO: ENERGY= 334.492
task:EnergyAlg.execute          INFO: Photons= 35110.2
task:EnergyAlg.execute          INFO: Charge= 24599
task:EnergyAlg.execute          INFO: ENERGY= 660.541
task:EnergyAlg.execute          INFO: Photons= 37400.8
task:EnergyAlg.execute          INFO: Charge= 20729
task:EnergyAlg.execute          INFO: ENERGY= 632.175
task:EnergyAlg.execute          INFO: Photons= 19620.5
task:EnergyAlg.execute          INFO: Charge= 16110
task:EnergyAlg.execute          INFO: ENERGY= 399.977
task:EnergyAlg.execute          INFO: Photons= 51261.2
task:EnergyAlg.execute          INFO: Charge= 60152
task:EnergyAlg.execute          INFO: ENERGY= 1280.75
task:EnergyAlg.execute          INFO: Photons= 24906.9
task:EnergyAlg.execute          INFO: Charge= 25149
task:EnergyAlg.execute          INFO: ENERGY= 569.07
task:EnergyAlg.execute          INFO: Photons= 18045.1
task:EnergyAlg.execute          INFO: Charge= 21054
task:EnergyAlg.execute          INFO: ENERGY= 449.277
task:EnergyAlg.execute          INFO: Photons= 18537.4
task:EnergyAlg.execute          INFO: Charge= 15366
task:EnergyAlg.execute          INFO: ENERGY= 379.794
task:EnergyAlg.execute          INFO: Photons= 29050.7
task:EnergyAlg.execute          INFO: Charge= 33177
task:EnergyAlg.execute          INFO: ENERGY= 713.919
task:EnergyAlg.execute          INFO: Photons= 1.10326e+08
task:EnergyAlg.execute          INFO: Charge= 12344
task:EnergyAlg.execute          INFO: ENERGY= 1.06685e+06
task:EnergyAlg.execute          INFO: Photons= 63175.2
task:EnergyAlg.execute          INFO: Charge= 76180
task:EnergyAlg.execute          INFO: ENERGY= 1605.15
task:EnergyAlg.execute          INFO: Photons= 17217.6
task:EnergyAlg.execute          INFO: Charge= 12092
task:EnergyAlg.execute          INFO: ENERGY= 324.299
task:EnergyAlg.execute          INFO: Photons= 35286.7
task:EnergyAlg.execute          INFO: Charge= 38940
task:EnergyAlg.execute          INFO: ENERGY= 849.434
task:EnergyAlg.execute          INFO: Photons= 53977.5
task:EnergyAlg.execute          INFO: Charge= 50600
task:EnergyAlg.execute          INFO: ENERGY= 1182.34
task:EnergyAlg.execute          INFO: Photons= 30050.3
task:EnergyAlg.execute          INFO: Charge= 36176
task:EnergyAlg.execute          INFO: ENERGY= 762.728
task:EnergyAlg.execute          INFO: Photons= 25460.9
task:EnergyAlg.execute          INFO: Charge= 26315
task:EnergyAlg.execute          INFO: ENERGY= 589.646
task:EnergyAlg.execute          INFO: Photons= 66020.5
task:EnergyAlg.execute          INFO: Charge= 74334
task:EnergyAlg.execute          INFO: ENERGY= 1608.56
task:EnergyAlg.execute          INFO: Photons= 49162.4
task:EnergyAlg.execute          INFO: Charge= 41076
task:EnergyAlg.execute          INFO: ENERGY= 1011.47
task:EnergyAlg.execute          INFO: Photons= 15013.6
task:EnergyAlg.execute          INFO: Charge= 10737
task:EnergyAlg.execute          INFO: ENERGY= 285.304
task:EnergyAlg.execute          INFO: Photons= 31160.8
task:EnergyAlg.execute          INFO: Charge= 35023
task:EnergyAlg.execute          INFO: ENERGY= 758.416
task:EnergyAlg.execute          INFO: Photons= 25614.2
task:EnergyAlg.execute          INFO: Charge= 36195
task:EnergyAlg.execute          INFO: ENERGY= 720.086
task:EnergyAlg.execute          INFO: Photons= 15654.7
task:EnergyAlg.execute          INFO: Charge= 16407
task:EnergyAlg.execute          INFO: ENERGY= 365.51
task:EnergyAlg.execute          INFO: Photons= 40816.6
task:EnergyAlg.execute          INFO: Charge= 31068
task:EnergyAlg.execute          INFO: ENERGY= 800.15
task:EnergyAlg.execute          INFO: Photons= 34391.8
task:EnergyAlg.execute          INFO: Charge= 41502
task:EnergyAlg.execute          INFO: ENERGY= 874.222
task:EnergyAlg.execute          INFO: Photons= 27180.6
task:EnergyAlg.execute          INFO: Charge= 24575
task:EnergyAlg.execute          INFO: ENERGY= 583.561
task:EnergyAlg.execute          INFO: Photons= 31959.2
task:EnergyAlg.execute          INFO: Charge= 31220
task:EnergyAlg.execute          INFO: ENERGY= 716.497
task:EnergyAlg.execute          INFO: Photons= 16563.5
task:EnergyAlg.execute          INFO: Charge= 19064
task:EnergyAlg.execute          INFO: ENERGY= 408.977
task:EnergyAlg.execute          INFO: Photons= 29176.3
task:EnergyAlg.execute          INFO: Charge= 13595
task:EnergyAlg.execute          INFO: ENERGY= 459.54
task:EnergyAlg.execute          INFO: Photons= 29038.6
task:EnergyAlg.execute          INFO: Charge= 31809
task:EnergyAlg.execute          INFO: ENERGY= 695.947
task:EnergyAlg.execute          INFO: Photons= 45674.6
task:EnergyAlg.execute          INFO: Charge= 38028
task:EnergyAlg.execute          INFO: ENERGY= 937.965
task:EnergyAlg.execute          INFO: Photons= 50878.8
task:EnergyAlg.execute          INFO: Charge= 58733
task:EnergyAlg.execute          INFO: ENERGY= 1258.53
task:EnergyAlg.execute          INFO: Photons= 21125.1
task:EnergyAlg.execute          INFO: Charge= 18091
task:EnergyAlg.execute          INFO: ENERGY= 440.381
task:EnergyAlg.execute          INFO: Photons= 16958.8
task:EnergyAlg.execute          INFO: Charge= 17463
task:EnergyAlg.execute          INFO: ENERGY= 391.902
task:EnergyAlg.execute          INFO: Photons= 21797.8
task:EnergyAlg.execute          INFO: Charge= 12851
task:EnergyAlg.execute          INFO: ENERGY= 378.49
task:EnergyAlg.execute          INFO: Photons= 27069.7
task:EnergyAlg.execute          INFO: Charge= 32710
task:EnergyAlg.execute          INFO: ENERGY= 688.67
task:EnergyAlg.execute          INFO: Photons= 30643.4
task:EnergyAlg.execute          INFO: Charge= 34444
task:EnergyAlg.execute          INFO: ENERGY= 745.856
task:EnergyAlg.execute          INFO: Photons= 40326
task:EnergyAlg.execute          INFO: Charge= 40098
task:EnergyAlg.execute          INFO: ENERGY= 913.272
task:EnergyAlg.execute          INFO: Photons= 28129.2
task:EnergyAlg.execute          INFO: Charge= 35858
task:EnergyAlg.execute          INFO: ENERGY= 740.004
task:EnergyAlg.execute          INFO: Photons= 30306.1
task:EnergyAlg.execute          INFO: Charge= 33642
task:EnergyAlg.execute          INFO: ENERGY= 732.127
task:EnergyAlg.execute          INFO: Photons= 30781.9
task:EnergyAlg.execute          INFO: Charge= 26492
task:EnergyAlg.execute          INFO: ENERGY= 643.401
task:EnergyAlg.execute          INFO: Photons= 42746.8
task:EnergyAlg.execute          INFO: Charge= 31268
task:EnergyAlg.execute          INFO: ENERGY= 821.424
task:EnergyAlg.execute          INFO: Photons= 63675.8
task:EnergyAlg.execute          INFO: Charge= 76305
task:EnergyAlg.execute          INFO: ENERGY= 1611.62
task:EnergyAlg.execute          INFO: Photons= 69260.8
task:EnergyAlg.execute          INFO: Charge= 73682
task:EnergyAlg.execute          INFO: ENERGY= 1631.38
task:EnergyAlg.execute          INFO: Photons= 30702.1
task:EnergyAlg.execute          INFO: Charge= 10453
task:EnergyAlg.execute          INFO: ENERGY= 433.281
task:EnergyAlg.execute          INFO: Photons= 47292.7
task:EnergyAlg.execute          INFO: Charge= 51009
task:EnergyAlg.execute          INFO: ENERGY= 1123.04
task:EnergyAlg.execute          INFO: Photons= 52531.2
task:EnergyAlg.execute          INFO: Charge= 52537
task:EnergyAlg.execute          INFO: ENERGY= 1193.64
task:EnergyAlg.execute          INFO: Photons= 12425.9
task:EnergyAlg.execute          INFO: Charge= 660
task:EnergyAlg.execute          INFO: ENERGY= 128.755
task:EnergyAlg.execute          INFO: Photons= 35570.3
task:EnergyAlg.execute          INFO: Charge= 40711
task:EnergyAlg.execute          INFO: ENERGY= 875.292
task:EnergyAlg.execute          INFO: Photons= 16837.7
task:EnergyAlg.execute          INFO: Charge= 17159
task:EnergyAlg.execute          INFO: ENERGY= 386.763
task:EnergyAlg.execute          INFO: Photons= 23097.4
task:EnergyAlg.execute          INFO: Charge= 22347
task:EnergyAlg.execute          INFO: ENERGY= 515.002
task:EnergyAlg.execute          INFO: Photons= 67327.6
task:EnergyAlg.execute          INFO: Charge= 74108
task:EnergyAlg.execute          INFO: ENERGY= 1618.25
task:EnergyAlg.execute          INFO: Photons= 67493.8
task:EnergyAlg.execute          INFO: Charge= 74134
task:EnergyAlg.execute          INFO: ENERGY= 1620.2
task:EnergyAlg.execute          INFO: Photons= 58721.7
task:EnergyAlg.execute          INFO: Charge= 78954
task:EnergyAlg.execute          INFO: ENERGY= 1598.3
task:EnergyAlg.execute          INFO: Photons= 21755.6
task:EnergyAlg.execute          INFO: Charge= 17447
task:EnergyAlg.execute          INFO: ENERGY= 438.071
task:EnergyAlg.execute          INFO: Photons= 51271.6
task:EnergyAlg.execute          INFO: Charge= 48207
task:EnergyAlg.execute          INFO: ENERGY= 1124.94
task:EnergyAlg.execute          INFO: Photons= 4.66192e+06
task:EnergyAlg.execute          INFO: Charge= 13000
task:EnergyAlg.execute          INFO: ENERGY= 45243.5
task:EnergyAlg.execute          INFO: Photons= 29920.6
task:EnergyAlg.execute          INFO: Charge= 32969
task:EnergyAlg.execute          INFO: ENERGY= 719.615
task:EnergyAlg.execute          INFO: Photons= 28198.4
task:EnergyAlg.execute          INFO: Charge= 28034
task:EnergyAlg.execute          INFO: ENERGY= 638.55
task:EnergyAlg.execute          INFO: Photons= 28537.4
task:EnergyAlg.execute          INFO: Charge= 28769
task:EnergyAlg.execute          INFO: ENERGY= 651.421
task:EnergyAlg.execute          INFO: Photons= 32836.5
task:EnergyAlg.execute          INFO: Charge= 32571
task:EnergyAlg.execute          INFO: ENERGY= 742.613
task:EnergyAlg.execute          INFO: Photons= 26358.7
task:EnergyAlg.execute          INFO: Charge= 24972
task:EnergyAlg.execute          INFO: ENERGY= 580.797
task:EnergyAlg.execute          INFO: Photons= 68774.4
task:EnergyAlg.execute          INFO: Charge= 73134
task:EnergyAlg.execute          INFO: ENERGY= 1619.53
task:EnergyAlg.execute          INFO: Photons= 32500.5
task:EnergyAlg.execute          INFO: Charge= 30434
task:EnergyAlg.execute          INFO: ENERGY= 711.471
task:EnergyAlg.execute          INFO: Photons= 28632.3
task:EnergyAlg.execute          INFO: Charge= 32672
task:EnergyAlg.execute          INFO: ENERGY= 703.283
task:EnergyAlg.execute          INFO: Photons= 42957.9
task:EnergyAlg.execute          INFO: Charge= 31879
task:EnergyAlg.execute          INFO: ENERGY= 831.44
task:EnergyAlg.execute          INFO: Photons= 60943.3
task:EnergyAlg.execute          INFO: Charge= 76767
task:EnergyAlg.execute          INFO: ENERGY= 1591.23
task:EnergyAlg.execute          INFO: Photons= 34740.7
task:EnergyAlg.execute          INFO: Charge= 20552
task:EnergyAlg.execute          INFO: ENERGY= 604.146
task:EnergyAlg.execute          INFO: Photons= 37363.4
task:EnergyAlg.execute          INFO: Charge= 26754
task:EnergyAlg.execute          INFO: ENERGY= 710.455
task:EnergyAlg.execute          INFO: Photons= 27409.3
task:EnergyAlg.execute          INFO: Charge= 31124
task:EnergyAlg.execute          INFO: ENERGY= 671.253
task:EnergyAlg.execute          INFO: Photons= 23385.9
task:EnergyAlg.execute          INFO: Charge= 29767
task:EnergyAlg.execute          INFO: ENERGY= 614.64
task:EnergyAlg.execute          INFO: Photons= 65726.4
task:EnergyAlg.execute          INFO: Charge= 76946
task:EnergyAlg.execute          INFO: ENERGY= 1639.81
task:EnergyAlg.execute          INFO: Photons= 24871.8
task:EnergyAlg.execute          INFO: Charge= 26902
task:EnergyAlg.execute          INFO: ENERGY= 591.612
task:EnergyAlg.execute          INFO: Photons= 35810.6
task:EnergyAlg.execute          INFO: Charge= 33339
task:EnergyAlg.execute          INFO: ENERGY= 781.392
task:EnergyAlg.execute          INFO: Photons= 40281.9
task:EnergyAlg.execute          INFO: Charge= 18267
task:EnergyAlg.execute          INFO: ENERGY= 627.896
task:EnergyAlg.execute          INFO: Photons= 20990.1
task:EnergyAlg.execute          INFO: Charge= 13162
task:EnergyAlg.execute          INFO: ENERGY= 374.74
task:EnergyAlg.execute          INFO: Photons= 31938.6
task:EnergyAlg.execute          INFO: Charge= 34259
task:EnergyAlg.execute          INFO: ENERGY= 755.964
task:EnergyAlg.execute          INFO: Photons= 270326
task:EnergyAlg.execute          INFO: Charge= 23358
task:EnergyAlg.execute          INFO: ENERGY= 2918.53
task:EnergyAlg.execute          INFO: Photons= 14077.3
task:EnergyAlg.execute          INFO: Charge= 12329
task:EnergyAlg.execute          INFO: ENERGY= 297.031
task:EnergyAlg.execute          INFO: Photons= 13036.7
task:EnergyAlg.execute          INFO: Charge= 10499
task:EnergyAlg.execute          INFO: ENERGY= 263.083
task:EnergyAlg.execute          INFO: Photons= 63882.6
task:EnergyAlg.execute          INFO: Charge= 77925
task:EnergyAlg.execute          INFO: ENERGY= 1634.76
task:EnergyAlg.execute          INFO: Photons= 43971.5
task:EnergyAlg.execute          INFO: Charge= 17509
task:EnergyAlg.execute          INFO: ENERGY= 653.675
task:EnergyAlg.execute          INFO: Photons= 61911.1
task:EnergyAlg.execute          INFO: Charge= 79340
task:EnergyAlg.execute          INFO: ENERGY= 1634.17
task:EnergyAlg.execute          INFO: Photons= 30124.7
task:EnergyAlg.execute          INFO: Charge= 35869
task:EnergyAlg.execute          INFO: ENERGY= 759.441
task:EnergyAlg.execute          INFO: Photons= 23988.1
task:EnergyAlg.execute          INFO: Charge= 23953
task:EnergyAlg.execute          INFO: ENERGY= 544.575
task:EnergyAlg.execute          INFO: Photons= 27485.5
task:EnergyAlg.execute          INFO: Charge= 30239
task:EnergyAlg.execute          INFO: ENERGY= 660.438
task:EnergyAlg.execute          INFO: Photons= 13493.6
task:EnergyAlg.execute          INFO: Charge= 12271
task:EnergyAlg.execute          INFO: ENERGY= 290.63
task:EnergyAlg.execute          INFO: Photons= 54699.5
task:EnergyAlg.execute          INFO: Charge= 66333
task:EnergyAlg.execute          INFO: ENERGY= 1394.67
task:EnergyAlg.execute          INFO: Photons= 19418.2
task:EnergyAlg.execute          INFO: Charge= 21582
task:EnergyAlg.execute          INFO: ENERGY= 469.444
task:EnergyAlg.execute          INFO: Photons= 45819.9
task:EnergyAlg.execute          INFO: Charge= 50855
task:EnergyAlg.execute          INFO: ENERGY= 1106.79
task:EnergyAlg.execute          INFO: Photons= 62863.3
task:EnergyAlg.execute          INFO: Charge= 77434
task:EnergyAlg.execute          INFO: ENERGY= 1618.5
task:EnergyAlg.execute          INFO: Photons= 17399.3
task:EnergyAlg.execute          INFO: Charge= 17685
task:EnergyAlg.execute          INFO: ENERGY= 399.059
task:EnergyAlg.execute          INFO: Photons= 27964.6
task:EnergyAlg.execute          INFO: Charge= 14962
task:EnergyAlg.execute          INFO: ENERGY= 465.668
task:EnergyAlg.execute          INFO: Photons= 27467.7
task:EnergyAlg.execute          INFO: Charge= 31494
task:EnergyAlg.execute          INFO: ENERGY= 676.647
task:EnergyAlg.execute          INFO: Photons= 44058
task:EnergyAlg.execute          INFO: Charge= 27739
task:EnergyAlg.execute          INFO: ENERGY= 788.039
task:EnergyAlg.execute          INFO: Photons= 68052.2
task:EnergyAlg.execute          INFO: Charge= 75126
task:EnergyAlg.execute          INFO: ENERGY= 1638.54
task:EnergyAlg.execute          INFO: Photons= 22382.9
task:EnergyAlg.execute          INFO: Charge= 32802
task:EnergyAlg.execute          INFO: ENERGY= 644.557
task:EnergyAlg.execute          INFO: Photons= 24945
task:EnergyAlg.execute          INFO: Charge= 19658
task:EnergyAlg.execute          INFO: ENERGY= 497.767
task:EnergyAlg.execute          INFO: Photons= 57207.2
task:EnergyAlg.execute          INFO: Charge= 76007
task:EnergyAlg.execute          INFO: ENERGY= 1545.19
task:EnergyAlg.execute          INFO: Photons= 11973.4
task:EnergyAlg.execute          INFO: Charge= 8649
task:EnergyAlg.execute          INFO: ENERGY= 228.656
task:EnergyAlg.execute          INFO: Photons= 71879.2
task:EnergyAlg.execute          INFO: Charge= 75214
task:EnergyAlg.execute          INFO: ENERGY= 1676.69
task:EnergyAlg.execute          INFO: Photons= 26591.2
task:EnergyAlg.execute          INFO: Charge= 25056
task:EnergyAlg.execute          INFO: ENERGY= 584.14
task:EnergyAlg.execute          INFO: Photons= 16621.1
task:EnergyAlg.execute          INFO: Charge= 22391
task:EnergyAlg.execute          INFO: ENERGY= 452.96
task:EnergyAlg.execute          INFO: Photons= 22196.4
task:EnergyAlg.execute          INFO: Charge= 12711
task:EnergyAlg.execute          INFO: ENERGY= 380.516
task:EnergyAlg.execute          INFO: Photons= 62792.9
task:EnergyAlg.execute          INFO: Charge= 69442
task:EnergyAlg.execute          INFO: ENERGY= 1513.5
task:EnergyAlg.execute          INFO: Photons= 29320
task:EnergyAlg.execute          INFO: Charge= 32268
task:EnergyAlg.execute          INFO: ENERGY= 704.659
task:EnergyAlg.execute          INFO: Photons= 18032.5
task:EnergyAlg.execute          INFO: Charge= 14145
task:EnergyAlg.execute          INFO: ENERGY= 358.975
task:EnergyAlg.execute          INFO: Photons= 95170.5
task:EnergyAlg.execute          INFO: Charge= 11359
task:EnergyAlg.execute          INFO: ENERGY= 1068.42
task:EnergyAlg.execute          INFO: Photons= 61143
task:EnergyAlg.execute          INFO: Charge= 80589
task:EnergyAlg.execute          INFO: ENERGY= 1643.05
task:EnergyAlg.execute          INFO: Photons= 67569.4
task:EnergyAlg.execute          INFO: Charge= 73389
task:EnergyAlg.execute          INFO: ENERGY= 1611.2
task:EnergyAlg.execute          INFO: Photons= 20924.5
task:EnergyAlg.execute          INFO: Charge= 22177
task:EnergyAlg.execute          INFO: ENERGY= 491.774
task:EnergyAlg.execute          INFO: Photons= 32761.8
task:EnergyAlg.execute          INFO: Charge= 31145
task:EnergyAlg.execute          INFO: ENERGY= 723.277
task:EnergyAlg.execute          INFO: Photons= 65202.6
task:EnergyAlg.execute          INFO: Charge= 67176
task:EnergyAlg.execute          INFO: ENERGY= 1507.23
task:EnergyAlg.execute          INFO: Photons= 30477.4
task:EnergyAlg.execute          INFO: Charge= 34357
task:EnergyAlg.execute          INFO: ENERGY= 743.116
task:EnergyAlg.execute          INFO: Photons= 27617.1
task:EnergyAlg.execute          INFO: Charge= 30179
task:EnergyAlg.execute          INFO: ENERGY= 660.927
task:EnergyAlg.execute          INFO: Photons= 63509.2
task:EnergyAlg.execute          INFO: Charge= 77434
task:EnergyAlg.execute          INFO: ENERGY= 1624.75
task:EnergyAlg.execute          INFO: Photons= 44761.1
task:EnergyAlg.execute          INFO: Charge= 47686
task:EnergyAlg.execute          INFO: ENERGY= 1055.19
task:EnergyAlg.execute          INFO: Photons= 15881.3
task:EnergyAlg.execute          INFO: Charge= 14286
task:EnergyAlg.execute          INFO: ENERGY= 340.017
task:EnergyAlg.execute          INFO: Photons= 21169
task:EnergyAlg.execute          INFO: Charge= 17421
task:EnergyAlg.execute          INFO: ENERGY= 432.061
task:EnergyAlg.execute          INFO: Photons= 32960.3
task:EnergyAlg.execute          INFO: Charge= 39922
task:EnergyAlg.execute          INFO: ENERGY= 839.759
task:EnergyAlg.execute          INFO: Photons= 32738.6
task:EnergyAlg.execute          INFO: Charge= 31757
task:EnergyAlg.execute          INFO: ENERGY= 731.042
task:EnergyAlg.execute          INFO: Photons= 38411
task:EnergyAlg.execute          INFO: Charge= 34814
task:EnergyAlg.execute          INFO: ENERGY= 825.787
task:EnergyAlg.execute          INFO: Photons= 67035.5
task:EnergyAlg.execute          INFO: Charge= 73091
task:EnergyAlg.execute          INFO: ENERGY= 1602.15
task.execute                    INFO: stop run promtly.
virtual bool DnnEventTagger::finalize()
task:SimGeomSvc.finalize        INFO: Finalize SimGeomSvc 
task:OutputSvc.doAttachObj     ERROR: Can not find output stream: /Event/Sim. Failed to attach TGeoManager
task:InputSvc.finalize          INFO: Finalizing RootInputSvc...
task:InputSvc.finalize          INFO: RootInputSvc sucessfully finalized
task.finalize                   INFO: events processed 193
Namespace(evtmax=25000, seed=25, output='/scratch/t/tbhatta/s10/recon/s10_Bi212_all_seed25.reconTree.root', input=['/scratch/t/tbhatta/s10/g4/s10_Bi212_all_seed25.nEXOevents.root'], networkpath='/sdf/home/t/tbhatta/nexo-offline/data/ckpt_0816_BugFix_uniform_E_pos.t7', lightmappath='/sdf/home/t/tbhatta/nexo-offline/data/20200528_lightmap_0.50_0.50.root', force=False, cap_fields=1)
{'evtmax': -1, 'seed': 42, 'output': '/sdf/home/t/tbhatta/nexo-offline/data/bb0n-digi.root', 'input': '../data/bb0n-mc.root', 'networkpath': '/sdf/home/t/tbhatta/nexo-offline/data/ckpt_0816_BugFix_uniform_E_pos.t7', 'lightmappath': '/sdf/home/t/tbhatta/nexo-offline/data/20200528_lightmap_0.50_0.50.root', 'force': False, 'cap_fields': 1}
{'evtmax': 25000, 'seed': 25, 'output': '/scratch/t/tbhatta/s10/recon/s10_Bi212_all_seed25.reconTree.root', 'input': ['/scratch/t/tbhatta/s10/g4/s10_Bi212_all_seed25.nEXOevents.root'], 'networkpath': '/sdf/home/t/tbhatta/nexo-offline/data/ckpt_0816_BugFix_uniform_E_pos.t7', 'lightmappath': '/sdf/home/t/tbhatta/nexo-offline/data/20200528_lightmap_0.50_0.50.root', 'force': False, 'cap_fields': 1}
==> Building model..
==> Load the network from checkpoint..

**************************************************
Terminating @ rome0223 on Sat Apr 15 06:10:50 2023
SNiPER::Context Running Mode = { BASIC }
SNiPER::Context Terminated Successfully
