**************************************************
Welcome to SNiPER v2.1.0
Running @ rome0223 on Sat Apr 15 06:10:45 2023
**************************************************
{
  "sniper": {
    "LoadDlls": [ "libBufferMemMgr.so", "libRootIOSvc.so", "libGeometry.so", "libLightMapSvc.so", "libFilterAlg.so", "libDnnEventTagger.so", "libSensitivityRecon.so", "libChargeRecon.so", "libRandomSvc.so" ],
    "LogLevel": 3
  },
  "identifier": "Task/task",
  "properties": {
    "EvtMax": 25000,
    "LogLevel": 3
  },
  "services": [
    {
      "identifier": "BufferMemMgr/BufferMemMgr",
      "properties": {
        "TimeWindow": [ 0, 0 ]
      }
    },
    {
      "identifier": "RootInputSvc/InputSvc",
      "properties": {
        "InputFile": [ "/scratch/t/tbhatta/s10/g4/s10_Bi212_all_seed2.nEXOevents.root" ]
      }
    },
    {
      "identifier": "RootOutputSvc/OutputSvc",
      "properties": {
        "OutputStreams": { "/Event/Recon/ChargeQuanta": "/scratch/t/tbhatta/s10/recon/s10_Bi212_all_seed2.reconTree.root", "/Event/Recon/DNNTag": "/scratch/t/tbhatta/s10/recon/s10_Bi212_all_seed2.reconTree.root", "/Event/Recon/Energy": "/scratch/t/tbhatta/s10/recon/s10_Bi212_all_seed2.reconTree.root", "/Event/Recon/NESTBugFlag": "/scratch/t/tbhatta/s10/recon/s10_Bi212_all_seed2.reconTree.root", "/Event/Recon/NearAnodeBugFlag": "/scratch/t/tbhatta/s10/recon/s10_Bi212_all_seed2.reconTree.root", "/Event/Recon/Photons": "/scratch/t/tbhatta/s10/recon/s10_Bi212_all_seed2.reconTree.root", "/Event/Recon/SourceID": "/scratch/t/tbhatta/s10/recon/s10_Bi212_all_seed2.reconTree.root", "/Event/Recon/Standoff": "/scratch/t/tbhatta/s10/recon/s10_Bi212_all_seed2.reconTree.root" }
      }
    },
    {
      "identifier": "SimGeomSvc/SimGeomSvc",
      "properties": {
        "GeometryInputFile": ""
      }
    },
    {
      "identifier": "LightMapSvc/LightMapSvc",
      "properties": {
        "LightMapFile": "/sdf/home/t/tbhatta/nexo-offline/data/20200528_lightmap_0.50_0.50.root",
        "LightMapHistName": "lightmap"
      }
    },
    {
      "identifier": "RandomSvc/RandomSvc",
      "properties": {
        "Seed": 2,
        "SeedStatusInputFile": "",
        "SeedStatusInputVector": []
      }
    }
  ],
  "algorithms": [
    {
      "identifier": "NESTFieldCapper/NESTFieldCapper",
      "properties": {
        "fieldcap": -1
      }
    },
    {
      "identifier": "ChargeQuantaAlg/ChargeQuantaAlg",
      "properties": {
        "ElectronLifeT": 10000,
        "noise": 1132.1
      }
    },
    {
      "identifier": "PhotonsAlg/PhotonsAlg",
      "properties": {
        "correlated_av_prob": 0.2,
        "pde_prob": 0.186,
        "pte_error": 0.005
      }
    },
    {
      "identifier": "EnergyAlg/EnergyAlg",
      "properties": {
        "chargeCal": 76.6137
      }
    },
    {
      "identifier": "StandoffAlg/StandoffAlg",
      "properties": {
        "ElectronLifeT": 10000,
        "XYthreshold": 10000,
        "Zthreshold": 100
      }
    },
    {
      "identifier": "SourceIDAlg/SourceIDAlg"
    },
    {
      "identifier": "NESTBugCatcher/NESTBugCatcher",
      "properties": {
        "threshold": 1.05
      }
    },
    {
      "identifier": "NearAnodeBugCatcher/NearAnodeBugCatcher",
      "properties": {
        "ThresholdEnergy": 100,
        "ZLength": 10
      }
    },
    {
      "identifier": "ChargeReconAlg/ChargeReconAlg",
      "properties": {
        "Noise": 400,
        "PadSize": 6,
        "SamplingFrequency": 2,
        "TileSize": 96,
        "Type": "unknown"
      }
    },
    {
      "identifier": "DnnEventTagger/DnnEventTagger",
      "properties": {
        "ImagePath": "./images",
        "NetworkPath": "/sdf/home/t/tbhatta/nexo-offline/data/ckpt_0816_BugFix_uniform_E_pos.t7",
        "Pitch": 6,
        "SaveAsImage": false,
        "SaveAsNumpy": false
      }
    }
  ]
}
task:InputSvc.initialize        INFO: Initialize RootInputSvc...
task:InputSvc.initialize        INFO: RootInputSvc successfully initialized.
task:SimGeomSvc.initialize      INFO: Initialize SimGeomSvc 
0x5622838b23b0
LT: path/name: /Event/Sim/nEXOGeometry
LT: fileid: 0
LT: CheckFileStatus(fileid): 0
LT: filename: /scratch/t/tbhatta/s10/g4/s10_Bi212_all_seed2.nEXOevents.root
LT: file: 0x5622808648c0
LT: read obj: 0x56228444cc50
task:SimGeomSvc.load_from_root  INFO: load geometry from inputsvc: 0x56228444cc50
task:ChargeQuantaAlg.initialize  INFO: get geometry geom: 0x56228444cc50
virtual bool DnnEventTagger::initialize()
task.initialize                 INFO: initialized
task:EnergyAlg.execute          INFO: Photons= 41998.1
task:EnergyAlg.execute          INFO: Charge= 50672
task:EnergyAlg.execute          INFO: ENERGY= 1067.45
task:EnergyAlg.execute          INFO: Photons= 34674.2
task:EnergyAlg.execute          INFO: Charge= 23259
task:EnergyAlg.execute          INFO: ENERGY= 638.836
task:EnergyAlg.execute          INFO: Photons= 59356.9
task:EnergyAlg.execute          INFO: Charge= 71878
task:EnergyAlg.execute          INFO: ENERGY= 1512.08
task:EnergyAlg.execute          INFO: Photons= 27900.9
task:EnergyAlg.execute          INFO: Charge= 37202
task:EnergyAlg.execute          INFO: ENERGY= 755.339
task:EnergyAlg.execute          INFO: Photons= 19978.4
task:EnergyAlg.execute          INFO: Charge= 10550
task:EnergyAlg.execute          INFO: ENERGY= 330.865
task:EnergyAlg.execute          INFO: Photons= 64510.8
task:EnergyAlg.execute          INFO: Charge= 67165
task:EnergyAlg.execute          INFO: ENERGY= 1500.39
task:EnergyAlg.execute          INFO: Photons= 22004.6
task:EnergyAlg.execute          INFO: Charge= 17845
task:EnergyAlg.execute          INFO: ENERGY= 445.674
task:EnergyAlg.execute          INFO: Photons= 30926.2
task:EnergyAlg.execute          INFO: Charge= 36861
task:EnergyAlg.execute          INFO: ENERGY= 780.138
task:EnergyAlg.execute          INFO: Photons= 21810.4
task:EnergyAlg.execute          INFO: Charge= 12967
task:EnergyAlg.execute          INFO: ENERGY= 380.126
task:EnergyAlg.execute          INFO: Photons= 23001.7
task:EnergyAlg.execute          INFO: Charge= 24107
task:EnergyAlg.execute          INFO: ENERGY= 537.049
task:EnergyAlg.execute          INFO: Photons= 28609.9
task:EnergyAlg.execute          INFO: Charge= 26230
task:EnergyAlg.execute          INFO: ENERGY= 618.982
task:EnergyAlg.execute          INFO: Photons= 11312.6
task:EnergyAlg.execute          INFO: Charge= 13280
task:EnergyAlg.execute          INFO: ENERGY= 282.714
task:EnergyAlg.execute          INFO: Photons= 34347.8
task:EnergyAlg.execute          INFO: Charge= 32126
task:EnergyAlg.execute          INFO: ENERGY= 751.416
task:EnergyAlg.execute          INFO: Photons= 36067.3
task:EnergyAlg.execute          INFO: Charge= 24521
task:EnergyAlg.execute          INFO: ENERGY= 668.777
task:EnergyAlg.execute          INFO: Photons= 32673.3
task:EnergyAlg.execute          INFO: Charge= 19245
task:EnergyAlg.execute          INFO: ENERGY= 567.097
task:EnergyAlg.execute          INFO: Photons= 68951.1
task:EnergyAlg.execute          INFO: Charge= 75897
task:EnergyAlg.execute          INFO: ENERGY= 1657.3
task:EnergyAlg.execute          INFO: Photons= 25242.6
task:EnergyAlg.execute          INFO: Charge= 30239
task:EnergyAlg.execute          INFO: ENERGY= 638.752
task:EnergyAlg.execute          INFO: Photons= 29076.8
task:EnergyAlg.execute          INFO: Charge= 33021
task:EnergyAlg.execute          INFO: ENERGY= 712.136
task:EnergyAlg.execute          INFO: Photons= 31353.9
task:EnergyAlg.execute          INFO: Charge= 32334
task:EnergyAlg.execute          INFO: ENERGY= 725.185
task:EnergyAlg.execute          INFO: Photons= 27096.2
task:EnergyAlg.execute          INFO: Charge= 14107
task:EnergyAlg.execute          INFO: ENERGY= 446.111
task:EnergyAlg.execute          INFO: Photons= 29162.8
task:EnergyAlg.execute          INFO: Charge= 26421
task:EnergyAlg.execute          INFO: ENERGY= 626.821
task:EnergyAlg.execute          INFO: Photons= 18188.3
task:EnergyAlg.execute          INFO: Charge= 17276
task:EnergyAlg.execute          INFO: ENERGY= 401.349
task:EnergyAlg.execute          INFO: Photons= 15130
task:EnergyAlg.execute          INFO: Charge= 14014
task:EnergyAlg.execute          INFO: ENERGY= 329.203
task:EnergyAlg.execute          INFO: Photons= 34022.6
task:EnergyAlg.execute          INFO: Charge= 41186
task:EnergyAlg.execute          INFO: ENERGY= 866.528
task:EnergyAlg.execute          INFO: Photons= 56882.7
task:EnergyAlg.execute          INFO: Charge= 49439
task:EnergyAlg.execute          INFO: ENERGY= 1195.27
task:EnergyAlg.execute          INFO: Photons= 29471
task:EnergyAlg.execute          INFO: Charge= 33990
task:EnergyAlg.execute          INFO: ENERGY= 728.595
task:EnergyAlg.execute          INFO: Photons= 30897.1
task:EnergyAlg.execute          INFO: Charge= 31566
task:EnergyAlg.execute          INFO: ENERGY= 710.744
task:EnergyAlg.execute          INFO: Photons= 61438.5
task:EnergyAlg.execute          INFO: Charge= 78881
task:EnergyAlg.execute          INFO: ENERGY= 1623.61
task:EnergyAlg.execute          INFO: Photons= 35653.4
task:EnergyAlg.execute          INFO: Charge= 29677
task:EnergyAlg.execute          INFO: ENERGY= 732.074
task:EnergyAlg.execute          INFO: Photons= 16583.1
task:EnergyAlg.execute          INFO: Charge= 14919
task:EnergyAlg.execute          INFO: ENERGY= 355.065
task:EnergyAlg.execute          INFO: Photons= 27101
task:EnergyAlg.execute          INFO: Charge= 34228
task:EnergyAlg.execute          INFO: ENERGY= 708.787
task:EnergyAlg.execute          INFO: Photons= 23110.9
task:EnergyAlg.execute          INFO: Charge= 21442
task:EnergyAlg.execute          INFO: ENERGY= 503.319
task:EnergyAlg.execute          INFO: Photons= 29650.7
task:EnergyAlg.execute          INFO: Charge= 33648
task:EnergyAlg.execute          INFO: ENERGY= 725.869
task:EnergyAlg.execute          INFO: Photons= 26483.4
task:EnergyAlg.execute          INFO: Charge= 27361
task:EnergyAlg.execute          INFO: ENERGY= 613.184
task:EnergyAlg.execute          INFO: Photons= 19310.9
task:EnergyAlg.execute          INFO: Charge= 24833
task:EnergyAlg.execute          INFO: ENERGY= 510.84
task:EnergyAlg.execute          INFO: Photons= 25242.1
task:EnergyAlg.execute          INFO: Charge= 23185
task:EnergyAlg.execute          INFO: ENERGY= 546.675
task:EnergyAlg.execute          INFO: Photons= 19115.5
task:EnergyAlg.execute          INFO: Charge= 15876
task:EnergyAlg.execute          INFO: ENERGY= 392.04
task:EnergyAlg.execute          INFO: Photons= 53718.2
task:EnergyAlg.execute          INFO: Charge= 31441
task:EnergyAlg.execute          INFO: ENERGY= 929.759
task:EnergyAlg.execute          INFO: Photons= 41903.6
task:EnergyAlg.execute          INFO: Charge= 53304
task:EnergyAlg.execute          INFO: ENERGY= 1100.9
task:EnergyAlg.execute          INFO: Photons= 20632.4
task:EnergyAlg.execute          INFO: Charge= 18447
task:EnergyAlg.execute          INFO: ENERGY= 440.264
task:EnergyAlg.execute          INFO: Photons= 29084.4
task:EnergyAlg.execute          INFO: Charge= 34429
task:EnergyAlg.execute          INFO: ENERGY= 730.587
task:EnergyAlg.execute          INFO: Photons= 39465.7
task:EnergyAlg.execute          INFO: Charge= 34870
task:EnergyAlg.execute          INFO: ENERGY= 836.715
task:EnergyAlg.execute          INFO: Photons= 64890
task:EnergyAlg.execute          INFO: Charge= 75344
task:EnergyAlg.execute          INFO: ENERGY= 1610.82
task:EnergyAlg.execute          INFO: Photons= 29146.4
task:EnergyAlg.execute          INFO: Charge= 33219
task:EnergyAlg.execute          INFO: ENERGY= 715.393
task:EnergyAlg.execute          INFO: Photons= 42680.8
task:EnergyAlg.execute          INFO: Charge= 30392
task:EnergyAlg.execute          INFO: ENERGY= 809.351
task:EnergyAlg.execute          INFO: Photons= 42366.2
task:EnergyAlg.execute          INFO: Charge= 43541
task:EnergyAlg.execute          INFO: ENERGY= 977.937
task:EnergyAlg.execute          INFO: Photons= 45495.6
task:EnergyAlg.execute          INFO: Charge= 49557
task:EnergyAlg.execute          INFO: ENERGY= 1086.72
task:EnergyAlg.execute          INFO: Photons= 24492.8
task:EnergyAlg.execute          INFO: Charge= 27434
task:EnergyAlg.execute          INFO: ENERGY= 594.891
task:EnergyAlg.execute          INFO: Photons= 26554.1
task:EnergyAlg.execute          INFO: Charge= 37540
task:EnergyAlg.execute          INFO: ENERGY= 746.729
task:EnergyAlg.execute          INFO: Photons= 18837.1
task:EnergyAlg.execute          INFO: Charge= 18454
task:EnergyAlg.execute          INFO: ENERGY= 422.997
task:EnergyAlg.execute          INFO: Photons= 20250.4
task:EnergyAlg.execute          INFO: Charge= 12557
task:EnergyAlg.execute          INFO: ENERGY= 359.691
task:EnergyAlg.execute          INFO: Photons= 30215
task:EnergyAlg.execute          INFO: Charge= 35312
task:EnergyAlg.execute          INFO: ENERGY= 753.044
task:EnergyAlg.execute          INFO: Photons= 70614.4
task:EnergyAlg.execute          INFO: Charge= 84919
task:EnergyAlg.execute          INFO: ENERGY= 1791.14
task:EnergyAlg.execute          INFO: Photons= 11192.3
task:EnergyAlg.execute          INFO: Charge= 7828
task:EnergyAlg.execute          INFO: ENERGY= 210.387
task:EnergyAlg.execute          INFO: Photons= 36950.9
task:EnergyAlg.execute          INFO: Charge= 40174
task:EnergyAlg.execute          INFO: ENERGY= 881.631
task:EnergyAlg.execute          INFO: Photons= 24108.7
task:EnergyAlg.execute          INFO: Charge= 20063
task:EnergyAlg.execute          INFO: ENERGY= 494.967
task:EnergyAlg.execute          INFO: Photons= 40994.9
task:EnergyAlg.execute          INFO: Charge= 53144
task:EnergyAlg.execute          INFO: ENERGY= 1090.02
task:EnergyAlg.execute          INFO: Photons= 30862.9
task:EnergyAlg.execute          INFO: Charge= 25885
task:EnergyAlg.execute          INFO: ENERGY= 636.262
task:EnergyAlg.execute          INFO: Photons= 52502.4
task:EnergyAlg.execute          INFO: Charge= 63163
task:EnergyAlg.execute          INFO: ENERGY= 1332.05
task:EnergyAlg.execute          INFO: Photons= 25832.4
task:EnergyAlg.execute          INFO: Charge= 30885
task:EnergyAlg.execute          INFO: ENERGY= 652.887
task:EnergyAlg.execute          INFO: Photons= 42691.3
task:EnergyAlg.execute          INFO: Charge= 65627
task:EnergyAlg.execute          INFO: ENERGY= 1269.36
task:EnergyAlg.execute          INFO: Photons= 28925.9
task:EnergyAlg.execute          INFO: Charge= 33321
task:EnergyAlg.execute          INFO: ENERGY= 714.593
task:EnergyAlg.execute          INFO: Photons= 33019.7
task:EnergyAlg.execute          INFO: Charge= 28657
task:EnergyAlg.execute          INFO: ENERGY= 693.296
task:EnergyAlg.execute          INFO: Photons= 27231.1
task:EnergyAlg.execute          INFO: Charge= 31386
task:EnergyAlg.execute          INFO: ENERGY= 672.949
task:EnergyAlg.execute          INFO: Photons= 35251.2
task:EnergyAlg.execute          INFO: Charge= 37359
task:EnergyAlg.execute          INFO: ENERGY= 828.455
task:EnergyAlg.execute          INFO: Photons= 30530.3
task:EnergyAlg.execute          INFO: Charge= 26945
task:EnergyAlg.execute          INFO: ENERGY= 646.882
task:EnergyAlg.execute          INFO: Photons= 31212.7
task:EnergyAlg.execute          INFO: Charge= 17459
task:EnergyAlg.execute          INFO: ENERGY= 529.664
task:EnergyAlg.execute          INFO: Photons= 15834.4
task:EnergyAlg.execute          INFO: Charge= 17980
task:EnergyAlg.execute          INFO: ENERGY= 387.779
task:EnergyAlg.execute          INFO: Photons= 27899.2
task:EnergyAlg.execute          INFO: Charge= 35697
task:EnergyAlg.execute          INFO: ENERGY= 735.679
task:EnergyAlg.execute          INFO: Photons= 58170.5
task:EnergyAlg.execute          INFO: Charge= 74190
task:EnergyAlg.execute          INFO: ENERGY= 1530.79
task:EnergyAlg.execute          INFO: Photons= 30150.7
task:EnergyAlg.execute          INFO: Charge= 33056
task:EnergyAlg.execute          INFO: ENERGY= 722.976
task:EnergyAlg.execute          INFO: Photons= 48365.6
task:EnergyAlg.execute          INFO: Charge= 55547
task:EnergyAlg.execute          INFO: ENERGY= 1192.65
task:EnergyAlg.execute          INFO: Photons= 61560.6
task:EnergyAlg.execute          INFO: Charge= 66040
task:EnergyAlg.execute          INFO: ENERGY= 1457.19
task:EnergyAlg.execute          INFO: Photons= 28905.5
task:EnergyAlg.execute          INFO: Charge= 24227
task:EnergyAlg.execute          INFO: ENERGY= 595.696
task:EnergyAlg.execute          INFO: Photons= 68390.3
task:EnergyAlg.execute          INFO: Charge= 87006
task:EnergyAlg.execute          INFO: ENERGY= 1796.88
task:EnergyAlg.execute          INFO: Photons= 48444.3
task:EnergyAlg.execute          INFO: Charge= 31536
task:EnergyAlg.execute          INFO: ENERGY= 880.008
task:EnergyAlg.execute          INFO: Photons= 62713.4
task:EnergyAlg.execute          INFO: Charge= 68380
task:EnergyAlg.execute          INFO: ENERGY= 1498.87
task:EnergyAlg.execute          INFO: Photons= 18363.8
task:EnergyAlg.execute          INFO: Charge= 12313
task:EnergyAlg.execute          INFO: ENERGY= 338.266
task:EnergyAlg.execute          INFO: Photons= 14936.7
task:EnergyAlg.execute          INFO: Charge= 16851
task:EnergyAlg.execute          INFO: ENERGY= 364.363
task:EnergyAlg.execute          INFO: Photons= 44065.8
task:EnergyAlg.execute          INFO: Charge= 27875
task:EnergyAlg.execute          INFO: ENERGY= 789.889
task:EnergyAlg.execute          INFO: Photons= 26553.6
task:EnergyAlg.execute          INFO: Charge= 24486
task:EnergyAlg.execute          INFO: ENERGY= 576.337
task:EnergyAlg.execute          INFO: Photons= 23840
task:EnergyAlg.execute          INFO: Charge= 13329
task:EnergyAlg.execute          INFO: ENERGY= 404.474
task:EnergyAlg.execute          INFO: Photons= 16295.9
task:EnergyAlg.execute          INFO: Charge= 18210
task:EnergyAlg.execute          INFO: ENERGY= 395.243
task:EnergyAlg.execute          INFO: Photons= 12680
task:EnergyAlg.execute          INFO: Charge= 12470
task:EnergyAlg.execute          INFO: ENERGY= 285.361
task:EnergyAlg.execute          INFO: Photons= 20448.2
task:EnergyAlg.execute          INFO: Charge= 13467
task:EnergyAlg.execute          INFO: ENERGY= 373.482
task:EnergyAlg.execute          INFO: Photons= 39658.2
task:EnergyAlg.execute          INFO: Charge= 41450
task:EnergyAlg.execute          INFO: ENERGY= 924.462
task:EnergyAlg.execute          INFO: Photons= 64594.5
task:EnergyAlg.execute          INFO: Charge= 78435
task:EnergyAlg.execute          INFO: ENERGY= 1648.31
task:EnergyAlg.execute          INFO: Photons= 30280.9
task:EnergyAlg.execute          INFO: Charge= 30544
task:EnergyAlg.execute          INFO: ENERGY= 691.447
task:EnergyAlg.execute          INFO: Photons= 32967.9
task:EnergyAlg.execute          INFO: Charge= 28333
task:EnergyAlg.execute          INFO: ENERGY= 688.567
task:EnergyAlg.execute          INFO: Photons= 29728.3
task:EnergyAlg.execute          INFO: Charge= 34265
task:EnergyAlg.execute          INFO: ENERGY= 734.672
task:EnergyAlg.execute          INFO: Photons= 32796.1
task:EnergyAlg.execute          INFO: Charge= 27128
task:EnergyAlg.execute          INFO: ENERGY= 671.177
task:EnergyAlg.execute          INFO: Photons= 58966.4
task:EnergyAlg.execute          INFO: Charge= 9422
task:EnergyAlg.execute          INFO: ENERGY= 693.098
task:EnergyAlg.execute          INFO: Photons= 26228.2
task:EnergyAlg.execute          INFO: Charge= 19632
task:EnergyAlg.execute          INFO: ENERGY= 509.834
task:EnergyAlg.execute          INFO: Photons= 39910.2
task:EnergyAlg.execute          INFO: Charge= 53013
task:EnergyAlg.execute          INFO: ENERGY= 1077.82
task:EnergyAlg.execute          INFO: Photons= 66263.1
task:EnergyAlg.execute          INFO: Charge= 78747
task:EnergyAlg.execute          INFO: ENERGY= 1668.51
task:EnergyAlg.execute          INFO: Photons= 31674.6
task:EnergyAlg.execute          INFO: Charge= 32095
task:EnergyAlg.execute          INFO: ENERGY= 725.166
task:EnergyAlg.execute          INFO: Photons= 66980.7
task:EnergyAlg.execute          INFO: Charge= 75721
task:EnergyAlg.execute          INFO: ENERGY= 1635.95
task:EnergyAlg.execute          INFO: Photons= 20757.8
task:EnergyAlg.execute          INFO: Charge= 25064
task:EnergyAlg.execute          INFO: ENERGY= 527.845
task:EnergyAlg.execute          INFO: Photons= 32450.2
task:EnergyAlg.execute          INFO: Charge= 34004
task:EnergyAlg.execute          INFO: ENERGY= 757.582
task:EnergyAlg.execute          INFO: Photons= 23838.8
task:EnergyAlg.execute          INFO: Charge= 22373
task:EnergyAlg.execute          INFO: ENERGY= 522.509
task:EnergyAlg.execute          INFO: Photons= 28616.6
task:EnergyAlg.execute          INFO: Charge= 33347
task:EnergyAlg.execute          INFO: ENERGY= 711.941
task:EnergyAlg.execute          INFO: Photons= 27364.9
task:EnergyAlg.execute          INFO: Charge= 35143
task:EnergyAlg.execute          INFO: ENERGY= 723.281
task:EnergyAlg.execute          INFO: Photons= 16729.3
task:EnergyAlg.execute          INFO: Charge= 13939
task:EnergyAlg.execute          INFO: ENERGY= 343.687
task:EnergyAlg.execute          INFO: Photons= 23706.7
task:EnergyAlg.execute          INFO: Charge= 13126
task:EnergyAlg.execute          INFO: ENERGY= 400.536
task:EnergyAlg.execute          INFO: Photons= 68338.5
task:EnergyAlg.execute          INFO: Charge= 72883
task:EnergyAlg.execute          INFO: ENERGY= 1612.04
task:EnergyAlg.execute          INFO: Photons= 20928.1
task:EnergyAlg.execute          INFO: Charge= 15996
task:EnergyAlg.execute          INFO: ENERGY= 411.131
task:EnergyAlg.execute          INFO: Photons= 24541.6
task:EnergyAlg.execute          INFO: Charge= 12974
task:EnergyAlg.execute          INFO: ENERGY= 406.624
task:EnergyAlg.execute          INFO: Photons= 49105.6
task:EnergyAlg.execute          INFO: Charge= 47426
task:EnergyAlg.execute          INFO: ENERGY= 1093.81
task:EnergyAlg.execute          INFO: Photons= 71949.9
task:EnergyAlg.execute          INFO: Charge= 70476
task:EnergyAlg.execute          INFO: ENERGY= 1615.54
task:EnergyAlg.execute          INFO: Photons= 25936.3
task:EnergyAlg.execute          INFO: Charge= 29198
task:EnergyAlg.execute          INFO: ENERGY= 631.872
task:EnergyAlg.execute          INFO: Photons= 21914.7
task:EnergyAlg.execute          INFO: Charge= 26336
task:EnergyAlg.execute          INFO: ENERGY= 555.633
task:EnergyAlg.execute          INFO: Photons= 28140.3
task:EnergyAlg.execute          INFO: Charge= 31366
task:EnergyAlg.execute          INFO: ENERGY= 681.48
task:EnergyAlg.execute          INFO: Photons= 18445.6
task:EnergyAlg.execute          INFO: Charge= 20565
task:EnergyAlg.execute          INFO: ENERGY= 446.766
task:EnergyAlg.execute          INFO: Photons= 32779.4
task:EnergyAlg.execute          INFO: Charge= 36948
task:EnergyAlg.execute          INFO: ENERGY= 799.192
task:EnergyAlg.execute          INFO: Photons= 27557.2
task:EnergyAlg.execute          INFO: Charge= 24141
task:EnergyAlg.execute          INFO: ENERGY= 581.538
task:EnergyAlg.execute          INFO: Photons= 28878.1
task:EnergyAlg.execute          INFO: Charge= 34706
task:EnergyAlg.execute          INFO: ENERGY= 732.208
task:EnergyAlg.execute          INFO: Photons= 29620.9
task:EnergyAlg.execute          INFO: Charge= 30357
task:EnergyAlg.execute          INFO: ENERGY= 682.625
task:EnergyAlg.execute          INFO: Photons= 63701.7
task:EnergyAlg.execute          INFO: Charge= 80403
task:EnergyAlg.execute          INFO: ENERGY= 1665.36
task:EnergyAlg.execute          INFO: Photons= 25501.4
task:EnergyAlg.execute          INFO: Charge= 25678
task:EnergyAlg.execute          INFO: ENERGY= 581.722
task:EnergyAlg.execute          INFO: Photons= 17334.9
task:EnergyAlg.execute          INFO: Charge= 16360
task:EnergyAlg.execute          INFO: ENERGY= 381.141
task:EnergyAlg.execute          INFO: Photons= 26503.2
task:EnergyAlg.execute          INFO: Charge= 35160
task:EnergyAlg.execute          INFO: ENERGY= 715.172
task:EnergyAlg.execute          INFO: Photons= 12259.2
task:EnergyAlg.execute          INFO: Charge= 13294
task:EnergyAlg.execute          INFO: ENERGY= 292.048
task:EnergyAlg.execute          INFO: Photons= 27548.2
task:EnergyAlg.execute          INFO: Charge= 30185
task:EnergyAlg.execute          INFO: ENERGY= 660.339
task:EnergyAlg.execute          INFO: Photons= 31867.8
task:EnergyAlg.execute          INFO: Charge= 26803
task:EnergyAlg.execute          INFO: ENERGY= 657.961
task:EnergyAlg.execute          INFO: Photons= 15024.7
task:EnergyAlg.execute          INFO: Charge= 12078
task:EnergyAlg.execute          INFO: ENERGY= 302.914
task:EnergyAlg.execute          INFO: Photons= 66572.8
task:EnergyAlg.execute          INFO: Charge= 74723
task:EnergyAlg.execute          INFO: ENERGY= 1618.98
task:EnergyAlg.execute          INFO: Photons= 28310.5
task:EnergyAlg.execute          INFO: Charge= 35311
task:EnergyAlg.execute          INFO: ENERGY= 734.617
task:EnergyAlg.execute          INFO: Photons= 21159.3
task:EnergyAlg.execute          INFO: Charge= 6237
task:EnergyAlg.execute          INFO: ENERGY= 285.987
task:EnergyAlg.execute          INFO: Photons= 65056.9
task:EnergyAlg.execute          INFO: Charge= 68826
task:EnergyAlg.execute          INFO: ENERGY= 1527.35
task:EnergyAlg.execute          INFO: Photons= 30798.4
task:EnergyAlg.execute          INFO: Charge= 28160
task:EnergyAlg.execute          INFO: ENERGY= 665.333
task:EnergyAlg.execute          INFO: Photons= 18134.2
task:EnergyAlg.execute          INFO: Charge= 18864
task:EnergyAlg.execute          INFO: ENERGY= 421.553
task:EnergyAlg.execute          INFO: Photons= 16053
task:EnergyAlg.execute          INFO: Charge= 12627
task:EnergyAlg.execute          INFO: ENERGY= 320.022
task:EnergyAlg.execute          INFO: Photons= 63320.2
task:EnergyAlg.execute          INFO: Charge= 66919
task:EnergyAlg.execute          INFO: ENERGY= 1485.67
task:EnergyAlg.execute          INFO: Photons= 21037.1
task:EnergyAlg.execute          INFO: Charge= 18832
task:EnergyAlg.execute          INFO: ENERGY= 449.202
task:EnergyAlg.execute          INFO: Photons= 32945.8
task:EnergyAlg.execute          INFO: Charge= 31619
task:EnergyAlg.execute          INFO: ENERGY= 731.244
task:EnergyAlg.execute          INFO: Photons= 30909.4
task:EnergyAlg.execute          INFO: Charge= 30751
task:EnergyAlg.execute          INFO: ENERGY= 700.225
task:EnergyAlg.execute          INFO: Photons= 19430.2
task:EnergyAlg.execute          INFO: Charge= 17577
task:EnergyAlg.execute          INFO: ENERGY= 417.285
task:EnergyAlg.execute          INFO: Photons= 47486.9
task:EnergyAlg.execute          INFO: Charge= 68313
task:EnergyAlg.execute          INFO: ENERGY= 1350.78
task:EnergyAlg.execute          INFO: Photons= 58512.8
task:EnergyAlg.execute          INFO: Charge= 73141
task:EnergyAlg.execute          INFO: ENERGY= 1520.4
task:EnergyAlg.execute          INFO: Photons= 42048.9
task:EnergyAlg.execute          INFO: Charge= 37595
task:EnergyAlg.execute          INFO: ENERGY= 897.259
task:EnergyAlg.execute          INFO: Photons= 43231.6
task:EnergyAlg.execute          INFO: Charge= 43123
task:EnergyAlg.execute          INFO: ENERGY= 980.848
task:EnergyAlg.execute          INFO: Photons= 26900
task:EnergyAlg.execute          INFO: Charge= 35592
task:EnergyAlg.execute          INFO: ENERGY= 724.647
task:EnergyAlg.execute          INFO: Photons= 30045.4
task:EnergyAlg.execute          INFO: Charge= 34568
task:EnergyAlg.execute          INFO: ENERGY= 741.693
task:EnergyAlg.execute          INFO: Photons= 25888.9
task:EnergyAlg.execute          INFO: Charge= 34274
task:EnergyAlg.execute          INFO: ENERGY= 697.668
task:EnergyAlg.execute          INFO: Photons= 46329.2
task:EnergyAlg.execute          INFO: Charge= 48684
task:EnergyAlg.execute          INFO: ENERGY= 1083.38
task:EnergyAlg.execute          INFO: Photons= 16672.6
task:EnergyAlg.execute          INFO: Charge= 11751
task:EnergyAlg.execute          INFO: ENERGY= 314.579
task:EnergyAlg.execute          INFO: Photons= 27959.4
task:EnergyAlg.execute          INFO: Charge= 24441
task:EnergyAlg.execute          INFO: ENERGY= 589.342
task:EnergyAlg.execute          INFO: Photons= 29504.5
task:EnergyAlg.execute          INFO: Charge= 23574
task:EnergyAlg.execute          INFO: ENERGY= 592.964
task:EnergyAlg.execute          INFO: Photons= 15844.6
task:EnergyAlg.execute          INFO: Charge= 9387
task:EnergyAlg.execute          INFO: ENERGY= 275.718
task:EnergyAlg.execute          INFO: Photons= 56383.7
task:EnergyAlg.execute          INFO: Charge= 65029
task:EnergyAlg.execute          INFO: ENERGY= 1393.94
task:EnergyAlg.execute          INFO: Photons= 23343.1
task:EnergyAlg.execute          INFO: Charge= 16134
task:EnergyAlg.execute          INFO: ENERGY= 436.282
task:EnergyAlg.execute          INFO: Photons= 42984.6
task:EnergyAlg.execute          INFO: Charge= 35302
task:EnergyAlg.execute          INFO: ENERGY= 876.376
task:EnergyAlg.execute          INFO: Photons= 20966.7
task:EnergyAlg.execute          INFO: Charge= 25537
task:EnergyAlg.execute          INFO: ENERGY= 536.038
task:EnergyAlg.execute          INFO: Photons= 27050.5
task:EnergyAlg.execute          INFO: Charge= 27881
task:EnergyAlg.execute          INFO: ENERGY= 625.455
task:EnergyAlg.execute          INFO: Photons= 33476.2
task:EnergyAlg.execute          INFO: Charge= 31880
task:EnergyAlg.execute          INFO: ENERGY= 739.779
task:EnergyAlg.execute          INFO: Photons= 31042.1
task:EnergyAlg.execute          INFO: Charge= 33065
task:EnergyAlg.execute          INFO: ENERGY= 731.711
task:EnergyAlg.execute          INFO: Photons= 31048.3
task:EnergyAlg.execute          INFO: Charge= 21449
task:EnergyAlg.execute          INFO: ENERGY= 580.154
task:EnergyAlg.execute          INFO: Photons= 36590.9
task:EnergyAlg.execute          INFO: Charge= 34427
task:EnergyAlg.execute          INFO: ENERGY= 803.138
task:EnergyAlg.execute          INFO: Photons= 21810.7
task:EnergyAlg.execute          INFO: Charge= 15723
task:EnergyAlg.execute          INFO: ENERGY= 416.101
task:EnergyAlg.execute          INFO: Photons= 41432.4
task:EnergyAlg.execute          INFO: Charge= 41653
task:EnergyAlg.execute          INFO: ENERGY= 944.265
task:EnergyAlg.execute          INFO: Photons= 30714
task:EnergyAlg.execute          INFO: Charge= 31255
task:EnergyAlg.execute          INFO: ENERGY= 704.915
task:EnergyAlg.execute          INFO: Photons= 31197.9
task:EnergyAlg.execute          INFO: Charge= 28767
task:EnergyAlg.execute          INFO: ENERGY= 677.118
task:EnergyAlg.execute          INFO: Photons= 16312.3
task:EnergyAlg.execute          INFO: Charge= 22685
task:EnergyAlg.execute          INFO: ENERGY= 453.811
task:EnergyAlg.execute          INFO: Photons= 62631.1
task:EnergyAlg.execute          INFO: Charge= 70884
task:EnergyAlg.execute          INFO: ENERGY= 1530.76
task:EnergyAlg.execute          INFO: Photons= 31004.5
task:EnergyAlg.execute          INFO: Charge= 33139
task:EnergyAlg.execute          INFO: ENERGY= 732.314
task:EnergyAlg.execute          INFO: Photons= 29577.1
task:EnergyAlg.execute          INFO: Charge= 18779
task:EnergyAlg.execute          INFO: ENERGY= 531.079
task:EnergyAlg.execute          INFO: Photons= 37811.1
task:EnergyAlg.execute          INFO: Charge= 36504
task:EnergyAlg.execute          INFO: ENERGY= 842.046
task:EnergyAlg.execute          INFO: Photons= 14078.1
task:EnergyAlg.execute          INFO: Charge= 17665
task:EnergyAlg.execute          INFO: ENERGY= 366.687
task:EnergyAlg.execute          INFO: Photons= 26744.2
task:EnergyAlg.execute          INFO: Charge= 34518
task:EnergyAlg.execute          INFO: ENERGY= 709.123
task:EnergyAlg.execute          INFO: Photons= 27603.6
task:EnergyAlg.execute          INFO: Charge= 26198
task:EnergyAlg.execute          INFO: ENERGY= 608.835
task:EnergyAlg.execute          INFO: Photons= 54798
task:EnergyAlg.execute          INFO: Charge= 61933
task:EnergyAlg.execute          INFO: ENERGY= 1338.19
task:EnergyAlg.execute          INFO: Photons= 13339.6
task:EnergyAlg.execute          INFO: Charge= 18538
task:EnergyAlg.execute          INFO: ENERGY= 370.941
task:EnergyAlg.execute          INFO: Photons= 30328
task:EnergyAlg.execute          INFO: Charge= 33154
task:EnergyAlg.execute          INFO: ENERGY= 725.969
task:EnergyAlg.execute          INFO: Photons= 53780.1
task:EnergyAlg.execute          INFO: Charge= 56564
task:EnergyAlg.execute          INFO: ENERGY= 1258.27
task:EnergyAlg.execute          INFO: Photons= 27371.2
task:EnergyAlg.execute          INFO: Charge= 28997
task:EnergyAlg.execute          INFO: ENERGY= 643.122
task:EnergyAlg.execute          INFO: Photons= 62025
task:EnergyAlg.execute          INFO: Charge= 70345
task:EnergyAlg.execute          INFO: ENERGY= 1517.87
task:EnergyAlg.execute          INFO: Photons= 32504.3
task:EnergyAlg.execute          INFO: Charge= 33202
task:EnergyAlg.execute          INFO: ENERGY= 747.637
task:EnergyAlg.execute          INFO: Photons= 62659.3
task:EnergyAlg.execute          INFO: Charge= 76519
task:EnergyAlg.execute          INFO: ENERGY= 1604.59
task:EnergyAlg.execute          INFO: Photons= 25518
task:EnergyAlg.execute          INFO: Charge= 26040
task:EnergyAlg.execute          INFO: ENERGY= 586.608
task:EnergyAlg.execute          INFO: Photons= 59336.8
task:EnergyAlg.execute          INFO: Charge= 72228
task:EnergyAlg.execute          INFO: ENERGY= 1516.45
task:EnergyAlg.execute          INFO: Photons= 63928.5
task:EnergyAlg.execute          INFO: Charge= 81459
task:EnergyAlg.execute          INFO: ENERGY= 1681.34
task:EnergyAlg.execute          INFO: Photons= 46870.1
task:EnergyAlg.execute          INFO: Charge= 36873
task:EnergyAlg.execute          INFO: ENERGY= 934.449
task:EnergyAlg.execute          INFO: Photons= 37195.7
task:EnergyAlg.execute          INFO: Charge= 34215
task:EnergyAlg.execute          INFO: ENERGY= 806.219
task:EnergyAlg.execute          INFO: Photons= 45495.7
task:EnergyAlg.execute          INFO: Charge= 48252
task:EnergyAlg.execute          INFO: ENERGY= 1069.68
task:EnergyAlg.execute          INFO: Photons= 180387
task:EnergyAlg.execute          INFO: Charge= 21103
task:EnergyAlg.execute          INFO: ENERGY= 2019.52
task:EnergyAlg.execute          INFO: Photons= 17083.2
task:EnergyAlg.execute          INFO: Charge= 22125
task:EnergyAlg.execute          INFO: ENERGY= 453.956
task:EnergyAlg.execute          INFO: Photons= 9295.34
task:EnergyAlg.execute          INFO: Charge= 7006
task:EnergyAlg.execute          INFO: ENERGY= 181.318
task:EnergyAlg.execute          INFO: Photons= 30908.2
task:EnergyAlg.execute          INFO: Charge= 26536
task:EnergyAlg.execute          INFO: ENERGY= 645.197
task:EnergyAlg.execute          INFO: Photons= 18517.8
task:EnergyAlg.execute          INFO: Charge= 16962
task:EnergyAlg.execute          INFO: ENERGY= 400.436
task:EnergyAlg.execute          INFO: Photons= 23166.7
task:EnergyAlg.execute          INFO: Charge= 23794
task:EnergyAlg.execute          INFO: ENERGY= 534.558
task:EnergyAlg.execute          INFO: Photons= 8.69473e+07
task:EnergyAlg.execute          INFO: Charge= 20181
task:EnergyAlg.execute          INFO: ENERGY= 840914
task:EnergyAlg.execute          INFO: Photons= 26916.8
task:EnergyAlg.execute          INFO: Charge= 35296
task:EnergyAlg.execute          INFO: ENERGY= 720.946
task:EnergyAlg.execute          INFO: Photons= 45868.1
task:EnergyAlg.execute          INFO: Charge= 48796
task:EnergyAlg.execute          INFO: ENERGY= 1080.39
task:EnergyAlg.execute          INFO: Photons= 27605.4
task:EnergyAlg.execute          INFO: Charge= 28566
task:EnergyAlg.execute          INFO: ENERGY= 639.761
task:EnergyAlg.execute          INFO: Photons= 17020.1
task:EnergyAlg.execute          INFO: Charge= 17021
task:EnergyAlg.execute          INFO: ENERGY= 386.726
task:EnergyAlg.execute          INFO: Photons= 25627.1
task:EnergyAlg.execute          INFO: Charge= 31608
task:EnergyAlg.execute          INFO: ENERGY= 660.339
task:EnergyAlg.execute          INFO: Photons= 22164.6
task:EnergyAlg.execute          INFO: Charge= 25262
task:EnergyAlg.execute          INFO: ENERGY= 544.031
task:EnergyAlg.execute          INFO: Photons= 26999.1
task:EnergyAlg.execute          INFO: Charge= 22855
task:EnergyAlg.execute          INFO: ENERGY= 559.356
task:EnergyAlg.execute          INFO: Photons= 11261.5
task:EnergyAlg.execute          INFO: Charge= 13135
task:EnergyAlg.execute          INFO: ENERGY= 280.327
task:EnergyAlg.execute          INFO: Photons= 62555.5
task:EnergyAlg.execute          INFO: Charge= 48098
task:EnergyAlg.execute          INFO: ENERGY= 1232.62
task:EnergyAlg.execute          INFO: Photons= 25089.1
task:EnergyAlg.execute          INFO: Charge= 18766
task:EnergyAlg.execute          INFO: ENERGY= 487.517
task:EnergyAlg.execute          INFO: Photons= 38694.8
task:EnergyAlg.execute          INFO: Charge= 20307
task:EnergyAlg.execute          INFO: ENERGY= 639.178
task.execute                    INFO: stop run promtly.
virtual bool DnnEventTagger::finalize()
task:SimGeomSvc.finalize        INFO: Finalize SimGeomSvc 
task:OutputSvc.doAttachObj     ERROR: Can not find output stream: /Event/Sim. Failed to attach TGeoManager
task:InputSvc.finalize          INFO: Finalizing RootInputSvc...
task:InputSvc.finalize          INFO: RootInputSvc sucessfully finalized
task.finalize                   INFO: events processed 202
Namespace(evtmax=25000, seed=2, output='/scratch/t/tbhatta/s10/recon/s10_Bi212_all_seed2.reconTree.root', input=['/scratch/t/tbhatta/s10/g4/s10_Bi212_all_seed2.nEXOevents.root'], networkpath='/sdf/home/t/tbhatta/nexo-offline/data/ckpt_0816_BugFix_uniform_E_pos.t7', lightmappath='/sdf/home/t/tbhatta/nexo-offline/data/20200528_lightmap_0.50_0.50.root', force=False, cap_fields=1)
{'evtmax': -1, 'seed': 42, 'output': '/sdf/home/t/tbhatta/nexo-offline/data/bb0n-digi.root', 'input': '../data/bb0n-mc.root', 'networkpath': '/sdf/home/t/tbhatta/nexo-offline/data/ckpt_0816_BugFix_uniform_E_pos.t7', 'lightmappath': '/sdf/home/t/tbhatta/nexo-offline/data/20200528_lightmap_0.50_0.50.root', 'force': False, 'cap_fields': 1}
{'evtmax': 25000, 'seed': 2, 'output': '/scratch/t/tbhatta/s10/recon/s10_Bi212_all_seed2.reconTree.root', 'input': ['/scratch/t/tbhatta/s10/g4/s10_Bi212_all_seed2.nEXOevents.root'], 'networkpath': '/sdf/home/t/tbhatta/nexo-offline/data/ckpt_0816_BugFix_uniform_E_pos.t7', 'lightmappath': '/sdf/home/t/tbhatta/nexo-offline/data/20200528_lightmap_0.50_0.50.root', 'force': False, 'cap_fields': 1}
==> Building model..
==> Load the network from checkpoint..

**************************************************
Terminating @ rome0223 on Sat Apr 15 06:11:03 2023
SNiPER::Context Running Mode = { BASIC }
SNiPER::Context Terminated Successfully
