**************************************************
Welcome to SNiPER v2.1.0
Running @ rome0223 on Sat Apr 15 06:13:00 2023
**************************************************
{
  "sniper": {
    "LoadDlls": [ "libBufferMemMgr.so", "libRootIOSvc.so", "libGeometry.so", "libLightMapSvc.so", "libFilterAlg.so", "libDnnEventTagger.so", "libSensitivityRecon.so", "libChargeRecon.so", "libRandomSvc.so" ],
    "LogLevel": 3
  },
  "identifier": "Task/task",
  "properties": {
    "EvtMax": 25000,
    "LogLevel": 3
  },
  "services": [
    {
      "identifier": "BufferMemMgr/BufferMemMgr",
      "properties": {
        "TimeWindow": [ 0, 0 ]
      }
    },
    {
      "identifier": "RootInputSvc/InputSvc",
      "properties": {
        "InputFile": [ "/scratch/t/tbhatta/s10/g4/s10_Pb212_all_seed20.nEXOevents.root" ]
      }
    },
    {
      "identifier": "RootOutputSvc/OutputSvc",
      "properties": {
        "OutputStreams": { "/Event/Recon/ChargeQuanta": "/scratch/t/tbhatta/s10/recon/s10_Pb212_all_seed20.reconTree.root", "/Event/Recon/DNNTag": "/scratch/t/tbhatta/s10/recon/s10_Pb212_all_seed20.reconTree.root", "/Event/Recon/Energy": "/scratch/t/tbhatta/s10/recon/s10_Pb212_all_seed20.reconTree.root", "/Event/Recon/NESTBugFlag": "/scratch/t/tbhatta/s10/recon/s10_Pb212_all_seed20.reconTree.root", "/Event/Recon/NearAnodeBugFlag": "/scratch/t/tbhatta/s10/recon/s10_Pb212_all_seed20.reconTree.root", "/Event/Recon/Photons": "/scratch/t/tbhatta/s10/recon/s10_Pb212_all_seed20.reconTree.root", "/Event/Recon/SourceID": "/scratch/t/tbhatta/s10/recon/s10_Pb212_all_seed20.reconTree.root", "/Event/Recon/Standoff": "/scratch/t/tbhatta/s10/recon/s10_Pb212_all_seed20.reconTree.root" }
      }
    },
    {
      "identifier": "SimGeomSvc/SimGeomSvc",
      "properties": {
        "GeometryInputFile": ""
      }
    },
    {
      "identifier": "LightMapSvc/LightMapSvc",
      "properties": {
        "LightMapFile": "/sdf/home/t/tbhatta/nexo-offline/data/20200528_lightmap_0.50_0.50.root",
        "LightMapHistName": "lightmap"
      }
    },
    {
      "identifier": "RandomSvc/RandomSvc",
      "properties": {
        "Seed": 20,
        "SeedStatusInputFile": "",
        "SeedStatusInputVector": []
      }
    }
  ],
  "algorithms": [
    {
      "identifier": "NESTFieldCapper/NESTFieldCapper",
      "properties": {
        "fieldcap": -1
      }
    },
    {
      "identifier": "ChargeQuantaAlg/ChargeQuantaAlg",
      "properties": {
        "ElectronLifeT": 10000,
        "noise": 1132.1
      }
    },
    {
      "identifier": "PhotonsAlg/PhotonsAlg",
      "properties": {
        "correlated_av_prob": 0.2,
        "pde_prob": 0.186,
        "pte_error": 0.005
      }
    },
    {
      "identifier": "EnergyAlg/EnergyAlg",
      "properties": {
        "chargeCal": 76.6137
      }
    },
    {
      "identifier": "StandoffAlg/StandoffAlg",
      "properties": {
        "ElectronLifeT": 10000,
        "XYthreshold": 10000,
        "Zthreshold": 100
      }
    },
    {
      "identifier": "SourceIDAlg/SourceIDAlg"
    },
    {
      "identifier": "NESTBugCatcher/NESTBugCatcher",
      "properties": {
        "threshold": 1.05
      }
    },
    {
      "identifier": "NearAnodeBugCatcher/NearAnodeBugCatcher",
      "properties": {
        "ThresholdEnergy": 100,
        "ZLength": 10
      }
    },
    {
      "identifier": "ChargeReconAlg/ChargeReconAlg",
      "properties": {
        "Noise": 400,
        "PadSize": 6,
        "SamplingFrequency": 2,
        "TileSize": 96,
        "Type": "unknown"
      }
    },
    {
      "identifier": "DnnEventTagger/DnnEventTagger",
      "properties": {
        "ImagePath": "./images",
        "NetworkPath": "/sdf/home/t/tbhatta/nexo-offline/data/ckpt_0816_BugFix_uniform_E_pos.t7",
        "Pitch": 6,
        "SaveAsImage": false,
        "SaveAsNumpy": false
      }
    }
  ]
}
task:InputSvc.initialize        INFO: Initialize RootInputSvc...
task:InputSvc.initialize        INFO: RootInputSvc successfully initialized.
task:SimGeomSvc.initialize      INFO: Initialize SimGeomSvc 
0x555c31310f20
LT: path/name: /Event/Sim/nEXOGeometry
LT: fileid: 0
LT: CheckFileStatus(fileid): 0
LT: filename: /scratch/t/tbhatta/s10/g4/s10_Pb212_all_seed20.nEXOevents.root
LT: file: 0x555c2e2a9c30
LT: read obj: 0x555c31ea8df0
task:SimGeomSvc.load_from_root  INFO: load geometry from inputsvc: 0x555c31ea8df0
task:ChargeQuantaAlg.initialize  INFO: get geometry geom: 0x555c31ea8df0
virtual bool DnnEventTagger::initialize()
task.initialize                 INFO: initialized
task:EnergyAlg.execute          INFO: Photons= 10148.4
task:EnergyAlg.execute          INFO: Charge= 11787
task:EnergyAlg.execute          INFO: ENERGY= 251.97
task:EnergyAlg.execute          INFO: Photons= 9870.22
task:EnergyAlg.execute          INFO: Charge= 11475
task:EnergyAlg.execute          INFO: ENERGY= 245.208
task:EnergyAlg.execute          INFO: Photons= 9090.22
task:EnergyAlg.execute          INFO: Charge= 10512
task:EnergyAlg.execute          INFO: ENERGY= 225.097
task:EnergyAlg.execute          INFO: Photons= 10895.2
task:EnergyAlg.execute          INFO: Charge= 9881
task:EnergyAlg.execute          INFO: ENERGY= 234.312
task:EnergyAlg.execute          INFO: Photons= 9542.38
task:EnergyAlg.execute          INFO: Charge= 10965
task:EnergyAlg.execute          INFO: ENERGY= 235.381
task:EnergyAlg.execute          INFO: Photons= 12628.6
task:EnergyAlg.execute          INFO: Charge= 15828
task:EnergyAlg.execute          INFO: ENERGY= 328.694
task:EnergyAlg.execute          INFO: Photons= 6914.6
task:EnergyAlg.execute          INFO: Charge= 10317
task:EnergyAlg.execute          INFO: ENERGY= 201.516
task:EnergyAlg.execute          INFO: Photons= 9274.21
task:EnergyAlg.execute          INFO: Charge= 13363
task:EnergyAlg.execute          INFO: ENERGY= 264.088
task:EnergyAlg.execute          INFO: Photons= 11503.9
task:EnergyAlg.execute          INFO: Charge= 12612
task:EnergyAlg.execute          INFO: ENERGY= 275.844
task:EnergyAlg.execute          INFO: Photons= 10126.2
task:EnergyAlg.execute          INFO: Charge= 11030
task:EnergyAlg.execute          INFO: ENERGY= 241.875
task.execute                    INFO: stop run promtly.
virtual bool DnnEventTagger::finalize()
task:SimGeomSvc.finalize        INFO: Finalize SimGeomSvc 
task:OutputSvc.doAttachObj     ERROR: Can not find output stream: /Event/Sim. Failed to attach TGeoManager
task:InputSvc.finalize          INFO: Finalizing RootInputSvc...
task:InputSvc.finalize          INFO: RootInputSvc sucessfully finalized
task.finalize                   INFO: events processed 10
Namespace(evtmax=25000, seed=20, output='/scratch/t/tbhatta/s10/recon/s10_Pb212_all_seed20.reconTree.root', input=['/scratch/t/tbhatta/s10/g4/s10_Pb212_all_seed20.nEXOevents.root'], networkpath='/sdf/home/t/tbhatta/nexo-offline/data/ckpt_0816_BugFix_uniform_E_pos.t7', lightmappath='/sdf/home/t/tbhatta/nexo-offline/data/20200528_lightmap_0.50_0.50.root', force=False, cap_fields=1)
{'evtmax': -1, 'seed': 42, 'output': '/sdf/home/t/tbhatta/nexo-offline/data/bb0n-digi.root', 'input': '../data/bb0n-mc.root', 'networkpath': '/sdf/home/t/tbhatta/nexo-offline/data/ckpt_0816_BugFix_uniform_E_pos.t7', 'lightmappath': '/sdf/home/t/tbhatta/nexo-offline/data/20200528_lightmap_0.50_0.50.root', 'force': False, 'cap_fields': 1}
{'evtmax': 25000, 'seed': 20, 'output': '/scratch/t/tbhatta/s10/recon/s10_Pb212_all_seed20.reconTree.root', 'input': ['/scratch/t/tbhatta/s10/g4/s10_Pb212_all_seed20.nEXOevents.root'], 'networkpath': '/sdf/home/t/tbhatta/nexo-offline/data/ckpt_0816_BugFix_uniform_E_pos.t7', 'lightmappath': '/sdf/home/t/tbhatta/nexo-offline/data/20200528_lightmap_0.50_0.50.root', 'force': False, 'cap_fields': 1}
==> Building model..
==> Load the network from checkpoint..

**************************************************
Terminating @ rome0223 on Sat Apr 15 06:13:12 2023
SNiPER::Context Running Mode = { BASIC }
SNiPER::Context Terminated Successfully
