**************************************************
Welcome to SNiPER v2.1.0
Running @ rome0223 on Sat Apr 15 06:10:53 2023
**************************************************
{
  "sniper": {
    "LoadDlls": [ "libBufferMemMgr.so", "libRootIOSvc.so", "libGeometry.so", "libLightMapSvc.so", "libFilterAlg.so", "libDnnEventTagger.so", "libSensitivityRecon.so", "libChargeRecon.so", "libRandomSvc.so" ],
    "LogLevel": 3
  },
  "identifier": "Task/task",
  "properties": {
    "EvtMax": 25000,
    "LogLevel": 3
  },
  "services": [
    {
      "identifier": "BufferMemMgr/BufferMemMgr",
      "properties": {
        "TimeWindow": [ 0, 0 ]
      }
    },
    {
      "identifier": "RootInputSvc/InputSvc",
      "properties": {
        "InputFile": [ "/scratch/t/tbhatta/s10/g4/s10_Bi212_all_seed39.nEXOevents.root" ]
      }
    },
    {
      "identifier": "RootOutputSvc/OutputSvc",
      "properties": {
        "OutputStreams": { "/Event/Recon/ChargeQuanta": "/scratch/t/tbhatta/s10/recon/s10_Bi212_all_seed39.reconTree.root", "/Event/Recon/DNNTag": "/scratch/t/tbhatta/s10/recon/s10_Bi212_all_seed39.reconTree.root", "/Event/Recon/Energy": "/scratch/t/tbhatta/s10/recon/s10_Bi212_all_seed39.reconTree.root", "/Event/Recon/NESTBugFlag": "/scratch/t/tbhatta/s10/recon/s10_Bi212_all_seed39.reconTree.root", "/Event/Recon/NearAnodeBugFlag": "/scratch/t/tbhatta/s10/recon/s10_Bi212_all_seed39.reconTree.root", "/Event/Recon/Photons": "/scratch/t/tbhatta/s10/recon/s10_Bi212_all_seed39.reconTree.root", "/Event/Recon/SourceID": "/scratch/t/tbhatta/s10/recon/s10_Bi212_all_seed39.reconTree.root", "/Event/Recon/Standoff": "/scratch/t/tbhatta/s10/recon/s10_Bi212_all_seed39.reconTree.root" }
      }
    },
    {
      "identifier": "SimGeomSvc/SimGeomSvc",
      "properties": {
        "GeometryInputFile": ""
      }
    },
    {
      "identifier": "LightMapSvc/LightMapSvc",
      "properties": {
        "LightMapFile": "/sdf/home/t/tbhatta/nexo-offline/data/20200528_lightmap_0.50_0.50.root",
        "LightMapHistName": "lightmap"
      }
    },
    {
      "identifier": "RandomSvc/RandomSvc",
      "properties": {
        "Seed": 39,
        "SeedStatusInputFile": "",
        "SeedStatusInputVector": []
      }
    }
  ],
  "algorithms": [
    {
      "identifier": "NESTFieldCapper/NESTFieldCapper",
      "properties": {
        "fieldcap": -1
      }
    },
    {
      "identifier": "ChargeQuantaAlg/ChargeQuantaAlg",
      "properties": {
        "ElectronLifeT": 10000,
        "noise": 1132.1
      }
    },
    {
      "identifier": "PhotonsAlg/PhotonsAlg",
      "properties": {
        "correlated_av_prob": 0.2,
        "pde_prob": 0.186,
        "pte_error": 0.005
      }
    },
    {
      "identifier": "EnergyAlg/EnergyAlg",
      "properties": {
        "chargeCal": 76.6137
      }
    },
    {
      "identifier": "StandoffAlg/StandoffAlg",
      "properties": {
        "ElectronLifeT": 10000,
        "XYthreshold": 10000,
        "Zthreshold": 100
      }
    },
    {
      "identifier": "SourceIDAlg/SourceIDAlg"
    },
    {
      "identifier": "NESTBugCatcher/NESTBugCatcher",
      "properties": {
        "threshold": 1.05
      }
    },
    {
      "identifier": "NearAnodeBugCatcher/NearAnodeBugCatcher",
      "properties": {
        "ThresholdEnergy": 100,
        "ZLength": 10
      }
    },
    {
      "identifier": "ChargeReconAlg/ChargeReconAlg",
      "properties": {
        "Noise": 400,
        "PadSize": 6,
        "SamplingFrequency": 2,
        "TileSize": 96,
        "Type": "unknown"
      }
    },
    {
      "identifier": "DnnEventTagger/DnnEventTagger",
      "properties": {
        "ImagePath": "./images",
        "NetworkPath": "/sdf/home/t/tbhatta/nexo-offline/data/ckpt_0816_BugFix_uniform_E_pos.t7",
        "Pitch": 6,
        "SaveAsImage": false,
        "SaveAsNumpy": false
      }
    }
  ]
}
task:InputSvc.initialize        INFO: Initialize RootInputSvc...
task:InputSvc.initialize        INFO: RootInputSvc successfully initialized.
task:SimGeomSvc.initialize      INFO: Initialize SimGeomSvc 
0x560a082761e0
LT: path/name: /Event/Sim/nEXOGeometry
LT: fileid: 0
LT: CheckFileStatus(fileid): 0
LT: filename: /scratch/t/tbhatta/s10/g4/s10_Bi212_all_seed39.nEXOevents.root
LT: file: 0x560a05227a20
LT: read obj: 0x560a08e10610
task:SimGeomSvc.load_from_root  INFO: load geometry from inputsvc: 0x560a08e10610
task:ChargeQuantaAlg.initialize  INFO: get geometry geom: 0x560a08e10610
virtual bool DnnEventTagger::initialize()
task.initialize                 INFO: initialized
task:EnergyAlg.execute          INFO: Photons= 67121.7
task:EnergyAlg.execute          INFO: Charge= 73628
task:EnergyAlg.execute          INFO: ENERGY= 1610
task:EnergyAlg.execute          INFO: Photons= 24122.4
task:EnergyAlg.execute          INFO: Charge= 31699
task:EnergyAlg.execute          INFO: ENERGY= 646.979
task:EnergyAlg.execute          INFO: Photons= 45237.6
task:EnergyAlg.execute          INFO: Charge= 46481
task:EnergyAlg.execute          INFO: ENERGY= 1044.07
task:EnergyAlg.execute          INFO: Photons= 18642.2
task:EnergyAlg.execute          INFO: Charge= 16401
task:EnergyAlg.execute          INFO: ENERGY= 394.317
task:EnergyAlg.execute          INFO: Photons= 39273.3
task:EnergyAlg.execute          INFO: Charge= 20520
task:EnergyAlg.execute          INFO: ENERGY= 647.552
task:EnergyAlg.execute          INFO: Photons= 25128.7
task:EnergyAlg.execute          INFO: Charge= 21215
task:EnergyAlg.execute          INFO: ENERGY= 519.866
task:EnergyAlg.execute          INFO: Photons= 60784.2
task:EnergyAlg.execute          INFO: Charge= 64069
task:EnergyAlg.execute          INFO: ENERGY= 1423.95
task:EnergyAlg.execute          INFO: Photons= 31484.3
task:EnergyAlg.execute          INFO: Charge= 27612
task:EnergyAlg.execute          INFO: ENERGY= 664.812
task:EnergyAlg.execute          INFO: Photons= 22854.5
task:EnergyAlg.execute          INFO: Charge= 18401
task:EnergyAlg.execute          INFO: ENERGY= 461.148
task:EnergyAlg.execute          INFO: Photons= 13404.2
task:EnergyAlg.execute          INFO: Charge= 12801
task:EnergyAlg.execute          INFO: ENERGY= 296.684
task:EnergyAlg.execute          INFO: Photons= 23850.7
task:EnergyAlg.execute          INFO: Charge= 23090
task:EnergyAlg.execute          INFO: ENERGY= 531.983
task:EnergyAlg.execute          INFO: Photons= 25742.8
task:EnergyAlg.execute          INFO: Charge= 31776
task:EnergyAlg.execute          INFO: ENERGY= 663.651
task:EnergyAlg.execute          INFO: Photons= 29441.4
task:EnergyAlg.execute          INFO: Charge= 31655
task:EnergyAlg.execute          INFO: ENERGY= 697.831
task:EnergyAlg.execute          INFO: Photons= 25469.4
task:EnergyAlg.execute          INFO: Charge= 29733
task:EnergyAlg.execute          INFO: ENERGY= 634.341
task:EnergyAlg.execute          INFO: Photons= 65445.7
task:EnergyAlg.execute          INFO: Charge= 74948
task:EnergyAlg.execute          INFO: ENERGY= 1611.02
task:EnergyAlg.execute          INFO: Photons= 31380.6
task:EnergyAlg.execute          INFO: Charge= 32078
task:EnergyAlg.execute          INFO: ENERGY= 722.102
task:EnergyAlg.execute          INFO: Photons= 25390.4
task:EnergyAlg.execute          INFO: Charge= 31421
task:EnergyAlg.execute          INFO: ENERGY= 655.61
task:EnergyAlg.execute          INFO: Photons= 27213.8
task:EnergyAlg.execute          INFO: Charge= 13990
task:EnergyAlg.execute          INFO: ENERGY= 445.722
task:EnergyAlg.execute          INFO: Photons= 19044.8
task:EnergyAlg.execute          INFO: Charge= 13927
task:EnergyAlg.execute          INFO: ENERGY= 365.917
task:EnergyAlg.execute          INFO: Photons= 22606.7
task:EnergyAlg.execute          INFO: Charge= 25672
task:EnergyAlg.execute          INFO: ENERGY= 553.657
task:EnergyAlg.execute          INFO: Photons= 19980.3
task:EnergyAlg.execute          INFO: Charge= 14140
task:EnergyAlg.execute          INFO: ENERGY= 377.742
task:EnergyAlg.execute          INFO: Photons= 39992.1
task:EnergyAlg.execute          INFO: Charge= 44229
task:EnergyAlg.execute          INFO: ENERGY= 963.963
task:EnergyAlg.execute          INFO: Photons= 29359.7
task:EnergyAlg.execute          INFO: Charge= 33693
task:EnergyAlg.execute          INFO: ENERGY= 723.642
task:EnergyAlg.execute          INFO: Photons= 16232.3
task:EnergyAlg.execute          INFO: Charge= 17783
task:EnergyAlg.execute          INFO: ENERGY= 389.055
task:EnergyAlg.execute          INFO: Photons= 64147.5
task:EnergyAlg.execute          INFO: Charge= 70929
task:EnergyAlg.execute          INFO: ENERGY= 1546.01
task:EnergyAlg.execute          INFO: Photons= 27199.1
task:EnergyAlg.execute          INFO: Charge= 25213
task:EnergyAlg.execute          INFO: ENERGY= 592.067
task:EnergyAlg.execute          INFO: Photons= 26404.4
task:EnergyAlg.execute          INFO: Charge= 24101
task:EnergyAlg.execute          INFO: ENERGY= 569.869
task:EnergyAlg.execute          INFO: Photons= 23439.1
task:EnergyAlg.execute          INFO: Charge= 22409
task:EnergyAlg.execute          INFO: ENERGY= 519.115
task:EnergyAlg.execute          INFO: Photons= 45212.7
task:EnergyAlg.execute          INFO: Charge= 52071
task:EnergyAlg.execute          INFO: ENERGY= 1116.8
task:EnergyAlg.execute          INFO: Photons= 17281.5
task:EnergyAlg.execute          INFO: Charge= 9598
task:EnergyAlg.execute          INFO: ENERGY= 292.364
task:EnergyAlg.execute          INFO: Photons= 35551.5
task:EnergyAlg.execute          INFO: Charge= 33858
task:EnergyAlg.execute          INFO: ENERGY= 785.661
task:EnergyAlg.execute          INFO: Photons= 8520.02
task:EnergyAlg.execute          INFO: Charge= 12560
task:EnergyAlg.execute          INFO: ENERGY= 246.315
task:EnergyAlg.execute          INFO: Photons= 61104.2
task:EnergyAlg.execute          INFO: Charge= 71200
task:EnergyAlg.execute          INFO: ENERGY= 1520.12
task:EnergyAlg.execute          INFO: Photons= 65931.1
task:EnergyAlg.execute          INFO: Charge= 76167
task:EnergyAlg.execute          INFO: ENERGY= 1631.63
task:EnergyAlg.execute          INFO: Photons= 50725.2
task:EnergyAlg.execute          INFO: Charge= 53812
task:EnergyAlg.execute          INFO: ENERGY= 1192.82
task:EnergyAlg.execute          INFO: Photons= 25628.6
task:EnergyAlg.execute          INFO: Charge= 16240
task:EnergyAlg.execute          INFO: ENERGY= 459.763
task:EnergyAlg.execute          INFO: Photons= 60560.7
task:EnergyAlg.execute          INFO: Charge= 45948
task:EnergyAlg.execute          INFO: ENERGY= 1185.27
task:EnergyAlg.execute          INFO: Photons= 42824.7
task:EnergyAlg.execute          INFO: Charge= 34779
task:EnergyAlg.execute          INFO: ENERGY= 868.004
task:EnergyAlg.execute          INFO: Photons= 26262.4
task:EnergyAlg.execute          INFO: Charge= 29120
task:EnergyAlg.execute          INFO: ENERGY= 634.007
task:EnergyAlg.execute          INFO: Photons= 29567
task:EnergyAlg.execute          INFO: Charge= 30418
task:EnergyAlg.execute          INFO: ENERGY= 682.9
task:EnergyAlg.execute          INFO: Photons= 19484.7
task:EnergyAlg.execute          INFO: Charge= 14511
task:EnergyAlg.execute          INFO: ENERGY= 377.793
task:EnergyAlg.execute          INFO: Photons= 62944.6
task:EnergyAlg.execute          INFO: Charge= 74604
task:EnergyAlg.execute          INFO: ENERGY= 1582.35
task:EnergyAlg.execute          INFO: Photons= 13248.5
task:EnergyAlg.execute          INFO: Charge= 10744
task:EnergyAlg.execute          INFO: ENERGY= 268.329
task:EnergyAlg.execute          INFO: Photons= 36652.8
task:EnergyAlg.execute          INFO: Charge= 34568
task:EnergyAlg.execute          INFO: ENERGY= 805.577
task:EnergyAlg.execute          INFO: Photons= 66487.4
task:EnergyAlg.execute          INFO: Charge= 76987
task:EnergyAlg.execute          INFO: ENERGY= 1647.71
task:EnergyAlg.execute          INFO: Photons= 35785.4
task:EnergyAlg.execute          INFO: Charge= 32219
task:EnergyAlg.execute          INFO: ENERGY= 766.53
task:EnergyAlg.execute          INFO: Photons= 15061.4
task:EnergyAlg.execute          INFO: Charge= 15427
task:EnergyAlg.execute          INFO: ENERGY= 346.982
task:EnergyAlg.execute          INFO: Photons= 62097
task:EnergyAlg.execute          INFO: Charge= 78837
task:EnergyAlg.execute          INFO: ENERGY= 1629.4
task:EnergyAlg.execute          INFO: Photons= 64097.4
task:EnergyAlg.execute          INFO: Charge= 76923
task:EnergyAlg.execute          INFO: ENERGY= 1623.76
task:EnergyAlg.execute          INFO: Photons= 29630.3
task:EnergyAlg.execute          INFO: Charge= 38460
task:EnergyAlg.execute          INFO: ENERGY= 788.48
task:EnergyAlg.execute          INFO: Photons= 16633.1
task:EnergyAlg.execute          INFO: Charge= 12390
task:EnergyAlg.execute          INFO: ENERGY= 322.538
task:EnergyAlg.execute          INFO: Photons= 35368.5
task:EnergyAlg.execute          INFO: Charge= 29398
task:EnergyAlg.execute          INFO: ENERGY= 725.678
task:EnergyAlg.execute          INFO: Photons= 28464.3
task:EnergyAlg.execute          INFO: Charge= 33653
task:EnergyAlg.execute          INFO: ENERGY= 714.463
task:EnergyAlg.execute          INFO: Photons= 31047.4
task:EnergyAlg.execute          INFO: Charge= 31223
task:EnergyAlg.execute          INFO: ENERGY= 707.72
task:EnergyAlg.execute          INFO: Photons= 21661.2
task:EnergyAlg.execute          INFO: Charge= 18839
task:EnergyAlg.execute          INFO: ENERGY= 455.327
task:EnergyAlg.execute          INFO: Photons= 43135.5
task:EnergyAlg.execute          INFO: Charge= 49568
task:EnergyAlg.execute          INFO: ENERGY= 1064.04
task:EnergyAlg.execute          INFO: Photons= 52104.6
task:EnergyAlg.execute          INFO: Charge= 73860
task:EnergyAlg.execute          INFO: ENERGY= 1467.83
task:EnergyAlg.execute          INFO: Photons= 1.0933e+08
task:EnergyAlg.execute          INFO: Charge= 20629
task:EnergyAlg.execute          INFO: ENERGY= 1.05733e+06
task:EnergyAlg.execute          INFO: Photons= 25528.8
task:EnergyAlg.execute          INFO: Charge= 28076
task:EnergyAlg.execute          INFO: ENERGY= 613.287
task:EnergyAlg.execute          INFO: Photons= 64816
task:EnergyAlg.execute          INFO: Charge= 74795
task:EnergyAlg.execute          INFO: ENERGY= 1602.94
task:EnergyAlg.execute          INFO: Photons= 30726.9
task:EnergyAlg.execute          INFO: Charge= 33868
task:EnergyAlg.execute          INFO: ENERGY= 739.145
task:EnergyAlg.execute          INFO: Photons= 24929.1
task:EnergyAlg.execute          INFO: Charge= 28209
task:EnergyAlg.execute          INFO: ENERGY= 609.226
task:EnergyAlg.execute          INFO: Photons= 59239.7
task:EnergyAlg.execute          INFO: Charge= 70222
task:EnergyAlg.execute          INFO: ENERGY= 1489.33
task:EnergyAlg.execute          INFO: Photons= 71110.4
task:EnergyAlg.execute          INFO: Charge= 71419
task:EnergyAlg.execute          INFO: ENERGY= 1619.73
task:EnergyAlg.execute          INFO: Photons= 52078.4
task:EnergyAlg.execute          INFO: Charge= 49577
task:EnergyAlg.execute          INFO: ENERGY= 1150.62
task:EnergyAlg.execute          INFO: Photons= 70599.3
task:EnergyAlg.execute          INFO: Charge= 72970
task:EnergyAlg.execute          INFO: ENERGY= 1635.03
task:EnergyAlg.execute          INFO: Photons= 28315.3
task:EnergyAlg.execute          INFO: Charge= 22553
task:EnergyAlg.execute          INFO: ENERGY= 568.139
task:EnergyAlg.execute          INFO: Photons= 62650.7
task:EnergyAlg.execute          INFO: Charge= 77455
task:EnergyAlg.execute          INFO: ENERGY= 1616.72
task:EnergyAlg.execute          INFO: Photons= 5883.66
task:EnergyAlg.execute          INFO: Charge= 5039
task:EnergyAlg.execute          INFO: ENERGY= 122.658
task:EnergyAlg.execute          INFO: Photons= 19522.3
task:EnergyAlg.execute          INFO: Charge= 17934
task:EnergyAlg.execute          INFO: ENERGY= 422.835
task:EnergyAlg.execute          INFO: Photons= 30318.2
task:EnergyAlg.execute          INFO: Charge= 34291
task:EnergyAlg.execute          INFO: ENERGY= 740.715
task:EnergyAlg.execute          INFO: Photons= 38083.9
task:EnergyAlg.execute          INFO: Charge= 24105
task:EnergyAlg.execute          INFO: ENERGY= 682.845
task:EnergyAlg.execute          INFO: Photons= 28338
task:EnergyAlg.execute          INFO: Charge= 35443
task:EnergyAlg.execute          INFO: ENERGY= 736.606
task:EnergyAlg.execute          INFO: Photons= 50912.5
task:EnergyAlg.execute          INFO: Charge= 47156
task:EnergyAlg.execute          INFO: ENERGY= 1107.75
task:EnergyAlg.execute          INFO: Photons= 37900.8
task:EnergyAlg.execute          INFO: Charge= 46608
task:EnergyAlg.execute          INFO: ENERGY= 974.795
task:EnergyAlg.execute          INFO: Photons= 25886.4
task:EnergyAlg.execute          INFO: Charge= 25419
task:EnergyAlg.execute          INFO: ENERGY= 582.064
task:EnergyAlg.execute          INFO: Photons= 34258.1
task:EnergyAlg.execute          INFO: Charge= 30878
task:EnergyAlg.execute          INFO: ENERGY= 734.26
task:EnergyAlg.execute          INFO: Photons= 29713.2
task:EnergyAlg.execute          INFO: Charge= 35470
task:EnergyAlg.execute          INFO: ENERGY= 750.254
task:EnergyAlg.execute          INFO: Photons= 28007.7
task:EnergyAlg.execute          INFO: Charge= 32475
task:EnergyAlg.execute          INFO: ENERGY= 694.673
task:EnergyAlg.execute          INFO: Photons= 72411.2
task:EnergyAlg.execute          INFO: Charge= 69722
task:EnergyAlg.execute          INFO: ENERGY= 1610.15
task:EnergyAlg.execute          INFO: Photons= 30888.2
task:EnergyAlg.execute          INFO: Charge= 35110
task:EnergyAlg.execute          INFO: ENERGY= 756.916
task:EnergyAlg.execute          INFO: Photons= 25991.9
task:EnergyAlg.execute          INFO: Charge= 19939
task:EnergyAlg.execute          INFO: ENERGY= 511.557
task:EnergyAlg.execute          INFO: Photons= 67108.5
task:EnergyAlg.execute          INFO: Charge= 82955
task:EnergyAlg.execute          INFO: ENERGY= 1731.61
task:EnergyAlg.execute          INFO: Photons= 44688.6
task:EnergyAlg.execute          INFO: Charge= 53235
task:EnergyAlg.execute          INFO: ENERGY= 1126.92
task:EnergyAlg.execute          INFO: Photons= 32224.1
task:EnergyAlg.execute          INFO: Charge= 28147
task:EnergyAlg.execute          INFO: ENERGY= 678.948
task:EnergyAlg.execute          INFO: Photons= 25884.1
task:EnergyAlg.execute          INFO: Charge= 30772
task:EnergyAlg.execute          INFO: ENERGY= 651.912
task:EnergyAlg.execute          INFO: Photons= 30770.9
task:EnergyAlg.execute          INFO: Charge= 37777
task:EnergyAlg.execute          INFO: ENERGY= 790.593
task:EnergyAlg.execute          INFO: Photons= 31136.9
task:EnergyAlg.execute          INFO: Charge= 33186
task:EnergyAlg.execute          INFO: ENERGY= 734.207
task:EnergyAlg.execute          INFO: Photons= 44147.5
task:EnergyAlg.execute          INFO: Charge= 36722
task:EnergyAlg.execute          INFO: ENERGY= 906.154
task:EnergyAlg.execute          INFO: Photons= 30511.2
task:EnergyAlg.execute          INFO: Charge= 32153
task:EnergyAlg.execute          INFO: ENERGY= 714.675
task:EnergyAlg.execute          INFO: Photons= 44448.4
task:EnergyAlg.execute          INFO: Charge= 50362
task:EnergyAlg.execute          INFO: ENERGY= 1087.1
task:EnergyAlg.execute          INFO: Photons= 27458.2
task:EnergyAlg.execute          INFO: Charge= 30179
task:EnergyAlg.execute          INFO: ENERGY= 659.391
task:EnergyAlg.execute          INFO: Photons= 28323.3
task:EnergyAlg.execute          INFO: Charge= 18231
task:EnergyAlg.execute          INFO: ENERGY= 511.804
task:EnergyAlg.execute          INFO: Photons= 60427.3
task:EnergyAlg.execute          INFO: Charge= 80689
task:EnergyAlg.execute          INFO: ENERGY= 1637.43
task:EnergyAlg.execute          INFO: Photons= 35090.1
task:EnergyAlg.execute          INFO: Charge= 14243
task:EnergyAlg.execute          INFO: ENERGY= 525.176
task:EnergyAlg.execute          INFO: Photons= 12969.2
task:EnergyAlg.execute          INFO: Charge= 8316
task:EnergyAlg.execute          INFO: ENERGY= 233.937
task:EnergyAlg.execute          INFO: Photons= 68040.3
task:EnergyAlg.execute          INFO: Charge= 71473
task:EnergyAlg.execute          INFO: ENERGY= 1590.75
task:EnergyAlg.execute          INFO: Photons= 61548
task:EnergyAlg.execute          INFO: Charge= 81342
task:EnergyAlg.execute          INFO: ENERGY= 1656.79
task:EnergyAlg.execute          INFO: Photons= 30466
task:EnergyAlg.execute          INFO: Charge= 27491
task:EnergyAlg.execute          INFO: ENERGY= 653.387
task:EnergyAlg.execute          INFO: Photons= 18199.8
task:EnergyAlg.execute          INFO: Charge= 23829
task:EnergyAlg.execute          INFO: ENERGY= 486.993
task:EnergyAlg.execute          INFO: Photons= 27537.5
task:EnergyAlg.execute          INFO: Charge= 36800
task:EnergyAlg.execute          INFO: ENERGY= 746.579
task:EnergyAlg.execute          INFO: Photons= 13399.3
task:EnergyAlg.execute          INFO: Charge= 13286
task:EnergyAlg.execute          INFO: ENERGY= 302.966
task:EnergyAlg.execute          INFO: Photons= 40681.4
task:EnergyAlg.execute          INFO: Charge= 50530
task:EnergyAlg.execute          INFO: ENERGY= 1052.87
task:EnergyAlg.execute          INFO: Photons= 21809.6
task:EnergyAlg.execute          INFO: Charge= 25507
task:EnergyAlg.execute          INFO: ENERGY= 543.796
task:EnergyAlg.execute          INFO: Photons= 42154.4
task:EnergyAlg.execute          INFO: Charge= 35075
task:EnergyAlg.execute          INFO: ENERGY= 865.386
task:EnergyAlg.execute          INFO: Photons= 41111.5
task:EnergyAlg.execute          INFO: Charge= 33917
task:EnergyAlg.execute          INFO: ENERGY= 840.188
task:EnergyAlg.execute          INFO: Photons= 19249.2
task:EnergyAlg.execute          INFO: Charge= 22016
task:EnergyAlg.execute          INFO: ENERGY= 473.475
task:EnergyAlg.execute          INFO: Photons= 33910.1
task:EnergyAlg.execute          INFO: Charge= 42536
task:EnergyAlg.execute          INFO: ENERGY= 883.061
task:EnergyAlg.execute          INFO: Photons= 25973.4
task:EnergyAlg.execute          INFO: Charge= 13166
task:EnergyAlg.execute          INFO: ENERGY= 422.973
task:EnergyAlg.execute          INFO: Photons= 41239.3
task:EnergyAlg.execute          INFO: Charge= 52574
task:EnergyAlg.execute          INFO: ENERGY= 1084.94
task:EnergyAlg.execute          INFO: Photons= 49438.3
task:EnergyAlg.execute          INFO: Charge= 44166
task:EnergyAlg.execute          INFO: ENERGY= 1054.47
task:EnergyAlg.execute          INFO: Photons= 33571.9
task:EnergyAlg.execute          INFO: Charge= 30953
task:EnergyAlg.execute          INFO: ENERGY= 728.604
task:EnergyAlg.execute          INFO: Photons= 66107
task:EnergyAlg.execute          INFO: Charge= 78473
task:EnergyAlg.execute          INFO: ENERGY= 1663.42
task:EnergyAlg.execute          INFO: Photons= 28489.2
task:EnergyAlg.execute          INFO: Charge= 34745
task:EnergyAlg.execute          INFO: ENERGY= 728.957
task:EnergyAlg.execute          INFO: Photons= 60178.6
task:EnergyAlg.execute          INFO: Charge= 70238
task:EnergyAlg.execute          INFO: ENERGY= 1498.62
task:EnergyAlg.execute          INFO: Photons= 26743.3
task:EnergyAlg.execute          INFO: Charge= 16037
task:EnergyAlg.execute          INFO: ENERGY= 467.891
task:EnergyAlg.execute          INFO: Photons= 32792.5
task:EnergyAlg.execute          INFO: Charge= 33983
task:EnergyAlg.execute          INFO: ENERGY= 760.618
task:EnergyAlg.execute          INFO: Photons= 28689.5
task:EnergyAlg.execute          INFO: Charge= 31319
task:EnergyAlg.execute          INFO: ENERGY= 686.176
task:EnergyAlg.execute          INFO: Photons= 24191.2
task:EnergyAlg.execute          INFO: Charge= 20527
task:EnergyAlg.execute          INFO: ENERGY= 501.821
task:EnergyAlg.execute          INFO: Photons= 35342.1
task:EnergyAlg.execute          INFO: Charge= 18562
task:EnergyAlg.execute          INFO: ENERGY= 583.986
task:EnergyAlg.execute          INFO: Photons= 10788.3
task:EnergyAlg.execute          INFO: Charge= 10186
task:EnergyAlg.execute          INFO: ENERGY= 237.259
task:EnergyAlg.execute          INFO: Photons= 51554
task:EnergyAlg.execute          INFO: Charge= 62987
task:EnergyAlg.execute          INFO: ENERGY= 1320.59
task:EnergyAlg.execute          INFO: Photons= 64665.2
task:EnergyAlg.execute          INFO: Charge= 74643
task:EnergyAlg.execute          INFO: ENERGY= 1599.49
task:EnergyAlg.execute          INFO: Photons= 15908.2
task:EnergyAlg.execute          INFO: Charge= 13893
task:EnergyAlg.execute          INFO: ENERGY= 335.147
task:EnergyAlg.execute          INFO: Photons= 32822.6
task:EnergyAlg.execute          INFO: Charge= 25067
task:EnergyAlg.execute          INFO: ENERGY= 644.533
task:EnergyAlg.execute          INFO: Photons= 17198.3
task:EnergyAlg.execute          INFO: Charge= 15468
task:EnergyAlg.execute          INFO: ENERGY= 368.178
task:EnergyAlg.execute          INFO: Photons= 65478.8
task:EnergyAlg.execute          INFO: Charge= 77182
task:EnergyAlg.execute          INFO: ENERGY= 1640.5
task:EnergyAlg.execute          INFO: Photons= 27374
task:EnergyAlg.execute          INFO: Charge= 33021
task:EnergyAlg.execute          INFO: ENERGY= 695.672
task:EnergyAlg.execute          INFO: Photons= 45929.1
task:EnergyAlg.execute          INFO: Charge= 52788
task:EnergyAlg.execute          INFO: ENERGY= 1133.08
task:EnergyAlg.execute          INFO: Photons= 32119.7
task:EnergyAlg.execute          INFO: Charge= 30111
task:EnergyAlg.execute          INFO: ENERGY= 703.573
task:EnergyAlg.execute          INFO: Photons= 39530
task:EnergyAlg.execute          INFO: Charge= 29837
task:EnergyAlg.execute          INFO: ENERGY= 771.643
task:EnergyAlg.execute          INFO: Photons= 61990.5
task:EnergyAlg.execute          INFO: Charge= 78681
task:EnergyAlg.execute          INFO: ENERGY= 1626.34
task:EnergyAlg.execute          INFO: Photons= 29671.9
task:EnergyAlg.execute          INFO: Charge= 32116
task:EnergyAlg.execute          INFO: ENERGY= 706.077
task:EnergyAlg.execute          INFO: Photons= 49526.7
task:EnergyAlg.execute          INFO: Charge= 38242
task:EnergyAlg.execute          INFO: ENERGY= 978.003
task:EnergyAlg.execute          INFO: Photons= 31305.6
task:EnergyAlg.execute          INFO: Charge= 25217
task:EnergyAlg.execute          INFO: ENERGY= 631.824
task:EnergyAlg.execute          INFO: Photons= 66187.2
task:EnergyAlg.execute          INFO: Charge= 72128
task:EnergyAlg.execute          INFO: ENERGY= 1581.38
task:EnergyAlg.execute          INFO: Photons= 15793.2
task:EnergyAlg.execute          INFO: Charge= 9026
task:EnergyAlg.execute          INFO: ENERGY= 270.508
task:EnergyAlg.execute          INFO: Photons= 63780
task:EnergyAlg.execute          INFO: Charge= 76587
task:EnergyAlg.execute          INFO: ENERGY= 1616.31
task:EnergyAlg.execute          INFO: Photons= 24751.9
task:EnergyAlg.execute          INFO: Charge= 24871
task:EnergyAlg.execute          INFO: ENERGY= 563.943
task:EnergyAlg.execute          INFO: Photons= 58899.5
task:EnergyAlg.execute          INFO: Charge= 81198
task:EnergyAlg.execute          INFO: ENERGY= 1629.31
task:EnergyAlg.execute          INFO: Photons= 40226.8
task:EnergyAlg.execute          INFO: Charge= 36167
task:EnergyAlg.execute          INFO: ENERGY= 861.003
task:EnergyAlg.execute          INFO: Photons= 12774.6
task:EnergyAlg.execute          INFO: Charge= 15538
task:EnergyAlg.execute          INFO: ENERGY= 326.321
task:EnergyAlg.execute          INFO: Photons= 57334.7
task:EnergyAlg.execute          INFO: Charge= 80592
task:EnergyAlg.execute          INFO: ENERGY= 1606.27
task:EnergyAlg.execute          INFO: Photons= 36574.7
task:EnergyAlg.execute          INFO: Charge= 14197
task:EnergyAlg.execute          INFO: ENERGY= 538.929
task:EnergyAlg.execute          INFO: Photons= 37387.5
task:EnergyAlg.execute          INFO: Charge= 35305
task:EnergyAlg.execute          INFO: ENERGY= 822.3
task:EnergyAlg.execute          INFO: Photons= 39027.2
task:EnergyAlg.execute          INFO: Charge= 37564
task:EnergyAlg.execute          INFO: ENERGY= 867.639
task:EnergyAlg.execute          INFO: Photons= 26474.8
task:EnergyAlg.execute          INFO: Charge= 26975
task:EnergyAlg.execute          INFO: ENERGY= 608.063
task:EnergyAlg.execute          INFO: Photons= 27687
task:EnergyAlg.execute          INFO: Charge= 28160
task:EnergyAlg.execute          INFO: ENERGY= 635.251
task:EnergyAlg.execute          INFO: Photons= 19951.7
task:EnergyAlg.execute          INFO: Charge= 17188
task:EnergyAlg.execute          INFO: ENERGY= 417.249
task:EnergyAlg.execute          INFO: Photons= 23367.5
task:EnergyAlg.execute          INFO: Charge= 18372
task:EnergyAlg.execute          INFO: ENERGY= 465.729
task:EnergyAlg.execute          INFO: Photons= 63191.4
task:EnergyAlg.execute          INFO: Charge= 75891
task:EnergyAlg.execute          INFO: ENERGY= 1601.53
task:EnergyAlg.execute          INFO: Photons= 49463.8
task:EnergyAlg.execute          INFO: Charge= 48008
task:EnergyAlg.execute          INFO: ENERGY= 1104.87
task:EnergyAlg.execute          INFO: Photons= 49873.5
task:EnergyAlg.execute          INFO: Charge= 57103
task:EnergyAlg.execute          INFO: ENERGY= 1227.54
task:EnergyAlg.execute          INFO: Photons= 63678.4
task:EnergyAlg.execute          INFO: Charge= 69599
task:EnergyAlg.execute          INFO: ENERGY= 1524.12
task:EnergyAlg.execute          INFO: Photons= 60863.8
task:EnergyAlg.execute          INFO: Charge= 75660
task:EnergyAlg.execute          INFO: ENERGY= 1576.01
task:EnergyAlg.execute          INFO: Photons= 30695
task:EnergyAlg.execute          INFO: Charge= 31951
task:EnergyAlg.execute          INFO: ENERGY= 713.816
task:EnergyAlg.execute          INFO: Photons= 19540.7
task:EnergyAlg.execute          INFO: Charge= 0
task:EnergyAlg.execute          INFO: ENERGY= 188.929
task:EnergyAlg.execute          INFO: Photons= 14724.5
task:EnergyAlg.execute          INFO: Charge= 11375
task:EnergyAlg.execute          INFO: ENERGY= 290.836
task:EnergyAlg.execute          INFO: Photons= 23819.3
task:EnergyAlg.execute          INFO: Charge= 21891
task:EnergyAlg.execute          INFO: ENERGY= 516.03
task:EnergyAlg.execute          INFO: Photons= 25059.1
task:EnergyAlg.execute          INFO: Charge= 20019
task:EnergyAlg.execute          INFO: ENERGY= 503.582
task:EnergyAlg.execute          INFO: Photons= 39383.8
task:EnergyAlg.execute          INFO: Charge= 54456
task:EnergyAlg.execute          INFO: ENERGY= 1091.57
task:EnergyAlg.execute          INFO: Photons= 66746
task:EnergyAlg.execute          INFO: Charge= 75393
task:EnergyAlg.execute          INFO: ENERGY= 1629.4
task:EnergyAlg.execute          INFO: Photons= 31624.3
task:EnergyAlg.execute          INFO: Charge= 32815
task:EnergyAlg.execute          INFO: ENERGY= 734.077
task:EnergyAlg.execute          INFO: Photons= 48962.7
task:EnergyAlg.execute          INFO: Charge= 44326
task:EnergyAlg.execute          INFO: ENERGY= 1051.96
task:EnergyAlg.execute          INFO: Photons= 35032.3
task:EnergyAlg.execute          INFO: Charge= 17833
task:EnergyAlg.execute          INFO: ENERGY= 571.475
task:EnergyAlg.execute          INFO: Photons= 44534.1
task:EnergyAlg.execute          INFO: Charge= 50588
task:EnergyAlg.execute          INFO: ENERGY= 1090.88
task:EnergyAlg.execute          INFO: Photons= 44334.5
task:EnergyAlg.execute          INFO: Charge= 52859
task:EnergyAlg.execute          INFO: ENERGY= 1118.59
task:EnergyAlg.execute          INFO: Photons= 20700.4
task:EnergyAlg.execute          INFO: Charge= 20969
task:EnergyAlg.execute          INFO: ENERGY= 473.84
task:EnergyAlg.execute          INFO: Photons= 23740.1
task:EnergyAlg.execute          INFO: Charge= 25251
task:EnergyAlg.execute          INFO: ENERGY= 559.12
task:EnergyAlg.execute          INFO: Photons= 9.02565e+07
task:EnergyAlg.execute          INFO: Charge= 16115
task:EnergyAlg.execute          INFO: ENERGY= 872857
task:EnergyAlg.execute          INFO: Photons= 61443.5
task:EnergyAlg.execute          INFO: Charge= 78501
task:EnergyAlg.execute          INFO: ENERGY= 1618.7
task:EnergyAlg.execute          INFO: Photons= 19065
task:EnergyAlg.execute          INFO: Charge= 9286
task:EnergyAlg.execute          INFO: ENERGY= 305.536
task:EnergyAlg.execute          INFO: Photons= 32008.2
task:EnergyAlg.execute          INFO: Charge= 31107
task:EnergyAlg.execute          INFO: ENERGY= 715.495
task:EnergyAlg.execute          INFO: Photons= 30949.7
task:EnergyAlg.execute          INFO: Charge= 31967
task:EnergyAlg.execute          INFO: ENERGY= 716.486
task:EnergyAlg.execute          INFO: Photons= 21227.9
task:EnergyAlg.execute          INFO: Charge= 26808
task:EnergyAlg.execute          INFO: ENERGY= 555.154
task:EnergyAlg.execute          INFO: Photons= 29153.1
task:EnergyAlg.execute          INFO: Charge= 30171
task:EnergyAlg.execute          INFO: ENERGY= 675.674
task:EnergyAlg.execute          INFO: Photons= 30314.4
task:EnergyAlg.execute          INFO: Charge= 28923
task:EnergyAlg.execute          INFO: ENERGY= 670.613
task:EnergyAlg.execute          INFO: Photons= 37602.3
task:EnergyAlg.execute          INFO: Charge= 32731
task:EnergyAlg.execute          INFO: ENERGY= 790.78
task:EnergyAlg.execute          INFO: Photons= 54821.5
task:EnergyAlg.execute          INFO: Charge= 59741
task:EnergyAlg.execute          INFO: ENERGY= 1309.81
task:EnergyAlg.execute          INFO: Photons= 22945.8
task:EnergyAlg.execute          INFO: Charge= 27186
task:EnergyAlg.execute          INFO: ENERGY= 576.697
task:EnergyAlg.execute          INFO: Photons= 18999.5
task:EnergyAlg.execute          INFO: Charge= 9471
task:EnergyAlg.execute          INFO: ENERGY= 307.317
task:EnergyAlg.execute          INFO: Photons= 29518
task:EnergyAlg.execute          INFO: Charge= 25585
task:EnergyAlg.execute          INFO: ENERGY= 619.343
task:EnergyAlg.execute          INFO: Photons= 25489.4
task:EnergyAlg.execute          INFO: Charge= 29716
task:EnergyAlg.execute          INFO: ENERGY= 634.312
task.execute                    INFO: stop run promtly.
virtual bool DnnEventTagger::finalize()
task:SimGeomSvc.finalize        INFO: Finalize SimGeomSvc 
task:OutputSvc.doAttachObj     ERROR: Can not find output stream: /Event/Sim. Failed to attach TGeoManager
task:InputSvc.finalize          INFO: Finalizing RootInputSvc...
task:InputSvc.finalize          INFO: RootInputSvc sucessfully finalized
task.finalize                   INFO: events processed 183
Namespace(evtmax=25000, seed=39, output='/scratch/t/tbhatta/s10/recon/s10_Bi212_all_seed39.reconTree.root', input=['/scratch/t/tbhatta/s10/g4/s10_Bi212_all_seed39.nEXOevents.root'], networkpath='/sdf/home/t/tbhatta/nexo-offline/data/ckpt_0816_BugFix_uniform_E_pos.t7', lightmappath='/sdf/home/t/tbhatta/nexo-offline/data/20200528_lightmap_0.50_0.50.root', force=False, cap_fields=1)
{'evtmax': -1, 'seed': 42, 'output': '/sdf/home/t/tbhatta/nexo-offline/data/bb0n-digi.root', 'input': '../data/bb0n-mc.root', 'networkpath': '/sdf/home/t/tbhatta/nexo-offline/data/ckpt_0816_BugFix_uniform_E_pos.t7', 'lightmappath': '/sdf/home/t/tbhatta/nexo-offline/data/20200528_lightmap_0.50_0.50.root', 'force': False, 'cap_fields': 1}
{'evtmax': 25000, 'seed': 39, 'output': '/scratch/t/tbhatta/s10/recon/s10_Bi212_all_seed39.reconTree.root', 'input': ['/scratch/t/tbhatta/s10/g4/s10_Bi212_all_seed39.nEXOevents.root'], 'networkpath': '/sdf/home/t/tbhatta/nexo-offline/data/ckpt_0816_BugFix_uniform_E_pos.t7', 'lightmappath': '/sdf/home/t/tbhatta/nexo-offline/data/20200528_lightmap_0.50_0.50.root', 'force': False, 'cap_fields': 1}
==> Building model..
==> Load the network from checkpoint..

**************************************************
Terminating @ rome0223 on Sat Apr 15 06:11:08 2023
SNiPER::Context Running Mode = { BASIC }
SNiPER::Context Terminated Successfully
