**************************************************
Welcome to SNiPER v2.1.0
Running @ rome0222 on Sat Apr 15 06:27:42 2023
**************************************************
{
  "sniper": {
    "LoadDlls": [ "libBufferMemMgr.so", "libRootIOSvc.so", "libGeometry.so", "libLightMapSvc.so", "libFilterAlg.so", "libDnnEventTagger.so", "libSensitivityRecon.so", "libChargeRecon.so", "libRandomSvc.so" ],
    "LogLevel": 3
  },
  "identifier": "Task/task",
  "properties": {
    "EvtMax": 25000,
    "LogLevel": 3
  },
  "services": [
    {
      "identifier": "BufferMemMgr/BufferMemMgr",
      "properties": {
        "TimeWindow": [ 0, 0 ]
      }
    },
    {
      "identifier": "RootInputSvc/InputSvc",
      "properties": {
        "InputFile": [ "/scratch/t/tbhatta/s10/g4/s10_Pb212_all_seed34.nEXOevents.root" ]
      }
    },
    {
      "identifier": "RootOutputSvc/OutputSvc",
      "properties": {
        "OutputStreams": { "/Event/Recon/ChargeQuanta": "/scratch/t/tbhatta/s10/recon/s10_Pb212_all_seed34.reconTree.root", "/Event/Recon/DNNTag": "/scratch/t/tbhatta/s10/recon/s10_Pb212_all_seed34.reconTree.root", "/Event/Recon/Energy": "/scratch/t/tbhatta/s10/recon/s10_Pb212_all_seed34.reconTree.root", "/Event/Recon/NESTBugFlag": "/scratch/t/tbhatta/s10/recon/s10_Pb212_all_seed34.reconTree.root", "/Event/Recon/NearAnodeBugFlag": "/scratch/t/tbhatta/s10/recon/s10_Pb212_all_seed34.reconTree.root", "/Event/Recon/Photons": "/scratch/t/tbhatta/s10/recon/s10_Pb212_all_seed34.reconTree.root", "/Event/Recon/SourceID": "/scratch/t/tbhatta/s10/recon/s10_Pb212_all_seed34.reconTree.root", "/Event/Recon/Standoff": "/scratch/t/tbhatta/s10/recon/s10_Pb212_all_seed34.reconTree.root" }
      }
    },
    {
      "identifier": "SimGeomSvc/SimGeomSvc",
      "properties": {
        "GeometryInputFile": ""
      }
    },
    {
      "identifier": "LightMapSvc/LightMapSvc",
      "properties": {
        "LightMapFile": "/sdf/home/t/tbhatta/nexo-offline/data/20200528_lightmap_0.50_0.50.root",
        "LightMapHistName": "lightmap"
      }
    },
    {
      "identifier": "RandomSvc/RandomSvc",
      "properties": {
        "Seed": 34,
        "SeedStatusInputFile": "",
        "SeedStatusInputVector": []
      }
    }
  ],
  "algorithms": [
    {
      "identifier": "NESTFieldCapper/NESTFieldCapper",
      "properties": {
        "fieldcap": -1
      }
    },
    {
      "identifier": "ChargeQuantaAlg/ChargeQuantaAlg",
      "properties": {
        "ElectronLifeT": 10000,
        "noise": 1132.1
      }
    },
    {
      "identifier": "PhotonsAlg/PhotonsAlg",
      "properties": {
        "correlated_av_prob": 0.2,
        "pde_prob": 0.186,
        "pte_error": 0.005
      }
    },
    {
      "identifier": "EnergyAlg/EnergyAlg",
      "properties": {
        "chargeCal": 76.6137
      }
    },
    {
      "identifier": "StandoffAlg/StandoffAlg",
      "properties": {
        "ElectronLifeT": 10000,
        "XYthreshold": 10000,
        "Zthreshold": 100
      }
    },
    {
      "identifier": "SourceIDAlg/SourceIDAlg"
    },
    {
      "identifier": "NESTBugCatcher/NESTBugCatcher",
      "properties": {
        "threshold": 1.05
      }
    },
    {
      "identifier": "NearAnodeBugCatcher/NearAnodeBugCatcher",
      "properties": {
        "ThresholdEnergy": 100,
        "ZLength": 10
      }
    },
    {
      "identifier": "ChargeReconAlg/ChargeReconAlg",
      "properties": {
        "Noise": 400,
        "PadSize": 6,
        "SamplingFrequency": 2,
        "TileSize": 96,
        "Type": "unknown"
      }
    },
    {
      "identifier": "DnnEventTagger/DnnEventTagger",
      "properties": {
        "ImagePath": "./images",
        "NetworkPath": "/sdf/home/t/tbhatta/nexo-offline/data/ckpt_0816_BugFix_uniform_E_pos.t7",
        "Pitch": 6,
        "SaveAsImage": false,
        "SaveAsNumpy": false
      }
    }
  ]
}
task:InputSvc.initialize        INFO: Initialize RootInputSvc...
task:InputSvc.initialize        INFO: RootInputSvc successfully initialized.
task:SimGeomSvc.initialize      INFO: Initialize SimGeomSvc 
0x562bbda11fc0
LT: path/name: /Event/Sim/nEXOGeometry
LT: fileid: 0
LT: CheckFileStatus(fileid): 0
LT: filename: /scratch/t/tbhatta/s10/g4/s10_Pb212_all_seed34.nEXOevents.root
LT: file: 0x562bba9a1530
LT: read obj: 0x562bbe5a98f0
task:SimGeomSvc.load_from_root  INFO: load geometry from inputsvc: 0x562bbe5a98f0
task:ChargeQuantaAlg.initialize  INFO: get geometry geom: 0x562bbe5a98f0
virtual bool DnnEventTagger::initialize()
task.initialize                 INFO: initialized
task:EnergyAlg.execute          INFO: Photons= 9440.04
task:EnergyAlg.execute          INFO: Charge= 8731
task:EnergyAlg.execute          INFO: ENERGY= 205.232
task:EnergyAlg.execute          INFO: Photons= 10931.1
task:EnergyAlg.execute          INFO: Charge= 11097
task:EnergyAlg.execute          INFO: ENERGY= 250.531
task:EnergyAlg.execute          INFO: Photons= 12017.2
task:EnergyAlg.execute          INFO: Charge= 11956
task:EnergyAlg.execute          INFO: ENERGY= 272.244
task:EnergyAlg.execute          INFO: Photons= 10312.5
task:EnergyAlg.execute          INFO: Charge= 9980
task:EnergyAlg.execute          INFO: ENERGY= 229.97
task:EnergyAlg.execute          INFO: Photons= 11497.3
task:EnergyAlg.execute          INFO: Charge= 14774
task:EnergyAlg.execute          INFO: ENERGY= 303.999
task:EnergyAlg.execute          INFO: Photons= 10730.6
task:EnergyAlg.execute          INFO: Charge= 10715
task:EnergyAlg.execute          INFO: ENERGY= 243.606
task:EnergyAlg.execute          INFO: Photons= 9177.29
task:EnergyAlg.execute          INFO: Charge= 10053
task:EnergyAlg.execute          INFO: ENERGY= 219.947
task:EnergyAlg.execute          INFO: Photons= 9772.37
task:EnergyAlg.execute          INFO: Charge= 9046
task:EnergyAlg.execute          INFO: ENERGY= 212.557
task:EnergyAlg.execute          INFO: Photons= 13642.7
task:EnergyAlg.execute          INFO: Charge= 12926
task:EnergyAlg.execute          INFO: ENERGY= 300.621
task:EnergyAlg.execute          INFO: Photons= 9301.6
task:EnergyAlg.execute          INFO: Charge= 10566
task:EnergyAlg.execute          INFO: ENERGY= 227.845
task:EnergyAlg.execute          INFO: Photons= 11820.2
task:EnergyAlg.execute          INFO: Charge= 10242
task:EnergyAlg.execute          INFO: ENERGY= 247.967
task:EnergyAlg.execute          INFO: Photons= 11923.6
task:EnergyAlg.execute          INFO: Charge= 13987
task:EnergyAlg.execute          INFO: ENERGY= 297.848
task:EnergyAlg.execute          INFO: Photons= 9188.31
task:EnergyAlg.execute          INFO: Charge= 11177
task:EnergyAlg.execute          INFO: ENERGY= 234.725
task.execute                    INFO: stop run promtly.
virtual bool DnnEventTagger::finalize()
task:SimGeomSvc.finalize        INFO: Finalize SimGeomSvc 
task:OutputSvc.doAttachObj     ERROR: Can not find output stream: /Event/Sim. Failed to attach TGeoManager
task:InputSvc.finalize          INFO: Finalizing RootInputSvc...
task:InputSvc.finalize          INFO: RootInputSvc sucessfully finalized
task.finalize                   INFO: events processed 13
Namespace(evtmax=25000, seed=34, output='/scratch/t/tbhatta/s10/recon/s10_Pb212_all_seed34.reconTree.root', input=['/scratch/t/tbhatta/s10/g4/s10_Pb212_all_seed34.nEXOevents.root'], networkpath='/sdf/home/t/tbhatta/nexo-offline/data/ckpt_0816_BugFix_uniform_E_pos.t7', lightmappath='/sdf/home/t/tbhatta/nexo-offline/data/20200528_lightmap_0.50_0.50.root', force=False, cap_fields=1)
{'evtmax': -1, 'seed': 42, 'output': '/sdf/home/t/tbhatta/nexo-offline/data/bb0n-digi.root', 'input': '../data/bb0n-mc.root', 'networkpath': '/sdf/home/t/tbhatta/nexo-offline/data/ckpt_0816_BugFix_uniform_E_pos.t7', 'lightmappath': '/sdf/home/t/tbhatta/nexo-offline/data/20200528_lightmap_0.50_0.50.root', 'force': False, 'cap_fields': 1}
{'evtmax': 25000, 'seed': 34, 'output': '/scratch/t/tbhatta/s10/recon/s10_Pb212_all_seed34.reconTree.root', 'input': ['/scratch/t/tbhatta/s10/g4/s10_Pb212_all_seed34.nEXOevents.root'], 'networkpath': '/sdf/home/t/tbhatta/nexo-offline/data/ckpt_0816_BugFix_uniform_E_pos.t7', 'lightmappath': '/sdf/home/t/tbhatta/nexo-offline/data/20200528_lightmap_0.50_0.50.root', 'force': False, 'cap_fields': 1}
==> Building model..
==> Load the network from checkpoint..

**************************************************
Terminating @ rome0222 on Sat Apr 15 06:27:46 2023
SNiPER::Context Running Mode = { BASIC }
SNiPER::Context Terminated Successfully
