TClass::Init:0: RuntimeWarning: no dictionary for class nEXO::EvtNavigator is available
TClass::Init:0: RuntimeWarning: no dictionary for class nEXO::EventObject is available
TClass::Init:0: RuntimeWarning: no dictionary for class nEXO::HeaderObject is available
TClass::Init:0: RuntimeWarning: no dictionary for class nEXO::SmartRef is available
TClass::Init:0: RuntimeWarning: no dictionary for class JobInfo is available
TClass::Init:0: RuntimeWarning: no dictionary for class nEXO::FileMetaData is available
TClass::Init:0: RuntimeWarning: no dictionary for class nEXO::TreeMetaData is available
TClass::Init:0: RuntimeWarning: no dictionary for class nEXO::UniqueIDTable is available
TClass::Init:0: RuntimeWarning: no dictionary for class pair<string,nEXO::TablePerTree*> is available
TClass::Init:0: RuntimeWarning: no dictionary for class nEXO::TablePerTree is available
TClass::Init:0: RuntimeWarning: no dictionary for class nEXO::ChargeQuanta is available
TClass::Init:0: RuntimeWarning: no dictionary for class nEXO::ChargeQuantaHeader is available
TClass::Init:0: RuntimeWarning: no dictionary for class nEXO::Header is available
TClass::Init:0: RuntimeWarning: no dictionary for class nEXO::Photons is available
TClass::Init:0: RuntimeWarning: no dictionary for class nEXO::PhotonsHeader is available
TClass::Init:0: RuntimeWarning: no dictionary for class nEXO::Standoff is available
TClass::Init:0: RuntimeWarning: no dictionary for class nEXO::StandoffHeader is available
TClass::Init:0: RuntimeWarning: no dictionary for class nEXO::Energy is available
TClass::Init:0: RuntimeWarning: no dictionary for class nEXO::EnergyHeader is available
TClass::Init:0: RuntimeWarning: no dictionary for class nEXO::SourceID is available
TClass::Init:0: RuntimeWarning: no dictionary for class nEXO::SourceIDHeader is available
TClass::Init:0: RuntimeWarning: no dictionary for class nEXO::DNNTag is available
TClass::Init:0: RuntimeWarning: no dictionary for class nEXO::DNNTagHeader is available
TClass::Init:0: RuntimeWarning: no dictionary for class nEXO::NESTBugFlag is available
TClass::Init:0: RuntimeWarning: no dictionary for class nEXO::NESTBugFlagHeader is available
TClass::Init:0: RuntimeWarning: no dictionary for class nEXO::NearAnodeBugFlag is available
TClass::Init:0: RuntimeWarning: no dictionary for class nEXO::NearAnodeBugFlagHeader is available
